CRITICAL - 2022-03-10 01:03:07 --> Cannot use object of type stdClass as array
#0 C:\xampp2\htdocs\UkomKasir\system\CodeIgniter.php(824): App\Controllers\Menu->update('2')
#1 C:\xampp2\htdocs\UkomKasir\system\CodeIgniter.php(410): CodeIgniter\CodeIgniter->runController(Object(App\Controllers\Menu))
#2 C:\xampp2\htdocs\UkomKasir\system\CodeIgniter.php(318): CodeIgniter\CodeIgniter->handleRequest(NULL, Object(Config\Cache), false)
#3 C:\xampp2\htdocs\UkomKasir\public\index.php(37): CodeIgniter\CodeIgniter->run()
#4 C:\xampp2\htdocs\UkomKasir\system\Commands\Server\rewrite.php(43): require_once('C:\\xampp2\\htdoc...')
#5 {main}
CRITICAL - 2022-03-10 01:03:41 --> Cannot use object of type stdClass as array
#0 C:\xampp2\htdocs\UkomKasir\system\CodeIgniter.php(824): App\Controllers\Menu->update('2')
#1 C:\xampp2\htdocs\UkomKasir\system\CodeIgniter.php(410): CodeIgniter\CodeIgniter->runController(Object(App\Controllers\Menu))
#2 C:\xampp2\htdocs\UkomKasir\system\CodeIgniter.php(318): CodeIgniter\CodeIgniter->handleRequest(NULL, Object(Config\Cache), false)
#3 C:\xampp2\htdocs\UkomKasir\public\index.php(37): CodeIgniter\CodeIgniter->run()
#4 C:\xampp2\htdocs\UkomKasir\system\Commands\Server\rewrite.php(43): require_once('C:\\xampp2\\htdoc...')
#5 {main}
CRITICAL - 2022-03-10 01:04:02 --> Call to undefined method stdClass::getRow()
#0 C:\xampp2\htdocs\UkomKasir\system\CodeIgniter.php(824): App\Controllers\Menu->update('2')
#1 C:\xampp2\htdocs\UkomKasir\system\CodeIgniter.php(410): CodeIgniter\CodeIgniter->runController(Object(App\Controllers\Menu))
#2 C:\xampp2\htdocs\UkomKasir\system\CodeIgniter.php(318): CodeIgniter\CodeIgniter->handleRequest(NULL, Object(Config\Cache), false)
#3 C:\xampp2\htdocs\UkomKasir\public\index.php(37): CodeIgniter\CodeIgniter->run()
#4 C:\xampp2\htdocs\UkomKasir\system\Commands\Server\rewrite.php(43): require_once('C:\\xampp2\\htdoc...')
#5 {main}
CRITICAL - 2022-03-10 01:04:25 --> Trying to get property 'gambar' of non-object
#0 C:\xampp2\htdocs\UkomKasir\app\Views\menu\index.php(76): CodeIgniter\Debug\Exceptions->errorHandler(8, 'Trying to get p...', 'C:\\xampp2\\htdoc...', 76, Array)
#1 C:\xampp2\htdocs\UkomKasir\system\View\View.php(214): include('C:\\xampp2\\htdoc...')
#2 C:\xampp2\htdocs\UkomKasir\system\View\View.php(217): CodeIgniter\View\View->CodeIgniter\View\{closure}()
#3 C:\xampp2\htdocs\UkomKasir\system\Common.php(1097): CodeIgniter\View\View->render('menu/index', Array, true)
#4 C:\xampp2\htdocs\UkomKasir\app\Controllers\Menu.php(26): view('menu/index', Array)
#5 C:\xampp2\htdocs\UkomKasir\system\CodeIgniter.php(824): App\Controllers\Menu->index()
#6 C:\xampp2\htdocs\UkomKasir\system\CodeIgniter.php(410): CodeIgniter\CodeIgniter->runController(Object(App\Controllers\Menu))
#7 C:\xampp2\htdocs\UkomKasir\system\CodeIgniter.php(318): CodeIgniter\CodeIgniter->handleRequest(NULL, Object(Config\Cache), false)
#8 C:\xampp2\htdocs\UkomKasir\public\index.php(37): CodeIgniter\CodeIgniter->run()
#9 C:\xampp2\htdocs\UkomKasir\system\Commands\Server\rewrite.php(43): require_once('C:\\xampp2\\htdoc...')
#10 {main}
CRITICAL - 2022-03-10 01:05:21 --> Call to undefined method stdClass::getRow()
#0 C:\xampp2\htdocs\UkomKasir\system\CodeIgniter.php(824): App\Controllers\Menu->update('2')
#1 C:\xampp2\htdocs\UkomKasir\system\CodeIgniter.php(410): CodeIgniter\CodeIgniter->runController(Object(App\Controllers\Menu))
#2 C:\xampp2\htdocs\UkomKasir\system\CodeIgniter.php(318): CodeIgniter\CodeIgniter->handleRequest(NULL, Object(Config\Cache), false)
#3 C:\xampp2\htdocs\UkomKasir\public\index.php(37): CodeIgniter\CodeIgniter->run()
#4 C:\xampp2\htdocs\UkomKasir\system\Commands\Server\rewrite.php(43): require_once('C:\\xampp2\\htdoc...')
#5 {main}
CRITICAL - 2022-03-10 01:05:33 --> Cannot use object of type stdClass as array
#0 C:\xampp2\htdocs\UkomKasir\system\CodeIgniter.php(824): App\Controllers\Menu->update('2')
#1 C:\xampp2\htdocs\UkomKasir\system\CodeIgniter.php(410): CodeIgniter\CodeIgniter->runController(Object(App\Controllers\Menu))
#2 C:\xampp2\htdocs\UkomKasir\system\CodeIgniter.php(318): CodeIgniter\CodeIgniter->handleRequest(NULL, Object(Config\Cache), false)
#3 C:\xampp2\htdocs\UkomKasir\public\index.php(37): CodeIgniter\CodeIgniter->run()
#4 C:\xampp2\htdocs\UkomKasir\system\Commands\Server\rewrite.php(43): require_once('C:\\xampp2\\htdoc...')
#5 {main}
CRITICAL - 2022-03-10 01:05:54 --> Call to undefined method stdClass::getResultArray()
#0 C:\xampp2\htdocs\UkomKasir\system\CodeIgniter.php(824): App\Controllers\Menu->update('2')
#1 C:\xampp2\htdocs\UkomKasir\system\CodeIgniter.php(410): CodeIgniter\CodeIgniter->runController(Object(App\Controllers\Menu))
#2 C:\xampp2\htdocs\UkomKasir\system\CodeIgniter.php(318): CodeIgniter\CodeIgniter->handleRequest(NULL, Object(Config\Cache), false)
#3 C:\xampp2\htdocs\UkomKasir\public\index.php(37): CodeIgniter\CodeIgniter->run()
#4 C:\xampp2\htdocs\UkomKasir\system\Commands\Server\rewrite.php(43): require_once('C:\\xampp2\\htdoc...')
#5 {main}
CRITICAL - 2022-03-10 01:06:08 --> Call to undefined method stdClass::getResult()
#0 C:\xampp2\htdocs\UkomKasir\system\CodeIgniter.php(824): App\Controllers\Menu->update('2')
#1 C:\xampp2\htdocs\UkomKasir\system\CodeIgniter.php(410): CodeIgniter\CodeIgniter->runController(Object(App\Controllers\Menu))
#2 C:\xampp2\htdocs\UkomKasir\system\CodeIgniter.php(318): CodeIgniter\CodeIgniter->handleRequest(NULL, Object(Config\Cache), false)
#3 C:\xampp2\htdocs\UkomKasir\public\index.php(37): CodeIgniter\CodeIgniter->run()
#4 C:\xampp2\htdocs\UkomKasir\system\Commands\Server\rewrite.php(43): require_once('C:\\xampp2\\htdoc...')
#5 {main}
CRITICAL - 2022-03-10 01:06:38 --> Undefined index: nama_menu
#0 C:\xampp2\htdocs\UkomKasir\app\Controllers\Menu.php(180): CodeIgniter\Debug\Exceptions->errorHandler(8, 'Undefined index...', 'C:\\xampp2\\htdoc...', 180, Array)
#1 C:\xampp2\htdocs\UkomKasir\system\CodeIgniter.php(824): App\Controllers\Menu->update('2')
#2 C:\xampp2\htdocs\UkomKasir\system\CodeIgniter.php(410): CodeIgniter\CodeIgniter->runController(Object(App\Controllers\Menu))
#3 C:\xampp2\htdocs\UkomKasir\system\CodeIgniter.php(318): CodeIgniter\CodeIgniter->handleRequest(NULL, Object(Config\Cache), false)
#4 C:\xampp2\htdocs\UkomKasir\public\index.php(37): CodeIgniter\CodeIgniter->run()
#5 C:\xampp2\htdocs\UkomKasir\system\Commands\Server\rewrite.php(43): require_once('C:\\xampp2\\htdoc...')
#6 {main}
CRITICAL - 2022-03-10 01:08:27 --> Cannot use object of type stdClass as array
#0 C:\xampp2\htdocs\UkomKasir\system\CodeIgniter.php(824): App\Controllers\Menu->update('2')
#1 C:\xampp2\htdocs\UkomKasir\system\CodeIgniter.php(410): CodeIgniter\CodeIgniter->runController(Object(App\Controllers\Menu))
#2 C:\xampp2\htdocs\UkomKasir\system\CodeIgniter.php(318): CodeIgniter\CodeIgniter->handleRequest(NULL, Object(Config\Cache), false)
#3 C:\xampp2\htdocs\UkomKasir\public\index.php(37): CodeIgniter\CodeIgniter->run()
#4 C:\xampp2\htdocs\UkomKasir\system\Commands\Server\rewrite.php(43): require_once('C:\\xampp2\\htdoc...')
#5 {main}
CRITICAL - 2022-03-10 01:09:01 --> Cannot use object of type stdClass as array
#0 C:\xampp2\htdocs\UkomKasir\system\CodeIgniter.php(824): App\Controllers\Menu->update('2')
#1 C:\xampp2\htdocs\UkomKasir\system\CodeIgniter.php(410): CodeIgniter\CodeIgniter->runController(Object(App\Controllers\Menu))
#2 C:\xampp2\htdocs\UkomKasir\system\CodeIgniter.php(318): CodeIgniter\CodeIgniter->handleRequest(NULL, Object(Config\Cache), false)
#3 C:\xampp2\htdocs\UkomKasir\public\index.php(37): CodeIgniter\CodeIgniter->run()
#4 C:\xampp2\htdocs\UkomKasir\system\Commands\Server\rewrite.php(43): require_once('C:\\xampp2\\htdoc...')
#5 {main}
CRITICAL - 2022-03-10 01:10:57 --> Invalid argument supplied for foreach()
#0 C:\xampp2\htdocs\UkomKasir\app\Controllers\Menu.php(181): CodeIgniter\Debug\Exceptions->errorHandler(2, 'Invalid argumen...', 'C:\\xampp2\\htdoc...', 181, Array)
#1 C:\xampp2\htdocs\UkomKasir\system\CodeIgniter.php(824): App\Controllers\Menu->update('3')
#2 C:\xampp2\htdocs\UkomKasir\system\CodeIgniter.php(410): CodeIgniter\CodeIgniter->runController(Object(App\Controllers\Menu))
#3 C:\xampp2\htdocs\UkomKasir\system\CodeIgniter.php(318): CodeIgniter\CodeIgniter->handleRequest(NULL, Object(Config\Cache), false)
#4 C:\xampp2\htdocs\UkomKasir\public\index.php(37): CodeIgniter\CodeIgniter->run()
#5 C:\xampp2\htdocs\UkomKasir\system\Commands\Server\rewrite.php(43): require_once('C:\\xampp2\\htdoc...')
#6 {main}
CRITICAL - 2022-03-10 01:12:51 --> Call to a member function getRow() on array
#0 C:\xampp2\htdocs\UkomKasir\system\CodeIgniter.php(824): App\Controllers\Menu->update('3')
#1 C:\xampp2\htdocs\UkomKasir\system\CodeIgniter.php(410): CodeIgniter\CodeIgniter->runController(Object(App\Controllers\Menu))
#2 C:\xampp2\htdocs\UkomKasir\system\CodeIgniter.php(318): CodeIgniter\CodeIgniter->handleRequest(NULL, Object(Config\Cache), false)
#3 C:\xampp2\htdocs\UkomKasir\public\index.php(37): CodeIgniter\CodeIgniter->run()
#4 C:\xampp2\htdocs\UkomKasir\system\Commands\Server\rewrite.php(43): require_once('C:\\xampp2\\htdoc...')
#5 {main}
CRITICAL - 2022-03-10 01:13:09 --> Call to a member function getResult() on array
#0 C:\xampp2\htdocs\UkomKasir\system\CodeIgniter.php(824): App\Controllers\Menu->update('3')
#1 C:\xampp2\htdocs\UkomKasir\system\CodeIgniter.php(410): CodeIgniter\CodeIgniter->runController(Object(App\Controllers\Menu))
#2 C:\xampp2\htdocs\UkomKasir\system\CodeIgniter.php(318): CodeIgniter\CodeIgniter->handleRequest(NULL, Object(Config\Cache), false)
#3 C:\xampp2\htdocs\UkomKasir\public\index.php(37): CodeIgniter\CodeIgniter->run()
#4 C:\xampp2\htdocs\UkomKasir\system\Commands\Server\rewrite.php(43): require_once('C:\\xampp2\\htdoc...')
#5 {main}
CRITICAL - 2022-03-10 01:13:23 --> Call to a member function getResultArray() on array
#0 C:\xampp2\htdocs\UkomKasir\system\CodeIgniter.php(824): App\Controllers\Menu->update('3')
#1 C:\xampp2\htdocs\UkomKasir\system\CodeIgniter.php(410): CodeIgniter\CodeIgniter->runController(Object(App\Controllers\Menu))
#2 C:\xampp2\htdocs\UkomKasir\system\CodeIgniter.php(318): CodeIgniter\CodeIgniter->handleRequest(NULL, Object(Config\Cache), false)
#3 C:\xampp2\htdocs\UkomKasir\public\index.php(37): CodeIgniter\CodeIgniter->run()
#4 C:\xampp2\htdocs\UkomKasir\system\Commands\Server\rewrite.php(43): require_once('C:\\xampp2\\htdoc...')
#5 {main}
CRITICAL - 2022-03-10 01:13:42 --> Undefined index: nama_menu
#0 C:\xampp2\htdocs\UkomKasir\app\Controllers\Menu.php(180): CodeIgniter\Debug\Exceptions->errorHandler(8, 'Undefined index...', 'C:\\xampp2\\htdoc...', 180, Array)
#1 C:\xampp2\htdocs\UkomKasir\system\CodeIgniter.php(824): App\Controllers\Menu->update('3')
#2 C:\xampp2\htdocs\UkomKasir\system\CodeIgniter.php(410): CodeIgniter\CodeIgniter->runController(Object(App\Controllers\Menu))
#3 C:\xampp2\htdocs\UkomKasir\system\CodeIgniter.php(318): CodeIgniter\CodeIgniter->handleRequest(NULL, Object(Config\Cache), false)
#4 C:\xampp2\htdocs\UkomKasir\public\index.php(37): CodeIgniter\CodeIgniter->run()
#5 C:\xampp2\htdocs\UkomKasir\system\Commands\Server\rewrite.php(43): require_once('C:\\xampp2\\htdoc...')
#6 {main}
CRITICAL - 2022-03-10 22:23:14 --> unlink(assets/img/menu/1646556734_cdeb6825d1322e21d972.jpg): No such file or directory
#0 [internal function]: CodeIgniter\Debug\Exceptions->errorHandler(2, 'unlink(assets/i...', 'C:\\xampp2\\htdoc...', 265, Array)
#1 C:\xampp2\htdocs\UkomKasir\app\Controllers\Menu.php(265): unlink('assets/img/menu...')
#2 C:\xampp2\htdocs\UkomKasir\system\CodeIgniter.php(824): App\Controllers\Menu->delete('14')
#3 C:\xampp2\htdocs\UkomKasir\system\CodeIgniter.php(410): CodeIgniter\CodeIgniter->runController(Object(App\Controllers\Menu))
#4 C:\xampp2\htdocs\UkomKasir\system\CodeIgniter.php(318): CodeIgniter\CodeIgniter->handleRequest(NULL, Object(Config\Cache), false)
#5 C:\xampp2\htdocs\UkomKasir\public\index.php(37): CodeIgniter\CodeIgniter->run()
#6 C:\xampp2\htdocs\UkomKasir\system\Commands\Server\rewrite.php(43): require_once('C:\\xampp2\\htdoc...')
#7 {main}
CRITICAL - 2022-03-10 22:24:56 --> unlink(assets/img/menu/1646556734_cdeb6825d1322e21d972.jpg): No such file or directory
#0 [internal function]: CodeIgniter\Debug\Exceptions->errorHandler(2, 'unlink(assets/i...', 'C:\\xampp2\\htdoc...', 266, Array)
#1 C:\xampp2\htdocs\UkomKasir\app\Controllers\Menu.php(266): unlink('assets/img/menu...')
#2 C:\xampp2\htdocs\UkomKasir\system\CodeIgniter.php(824): App\Controllers\Menu->delete('14')
#3 C:\xampp2\htdocs\UkomKasir\system\CodeIgniter.php(410): CodeIgniter\CodeIgniter->runController(Object(App\Controllers\Menu))
#4 C:\xampp2\htdocs\UkomKasir\system\CodeIgniter.php(318): CodeIgniter\CodeIgniter->handleRequest(NULL, Object(Config\Cache), false)
#5 C:\xampp2\htdocs\UkomKasir\public\index.php(37): CodeIgniter\CodeIgniter->run()
#6 C:\xampp2\htdocs\UkomKasir\system\Commands\Server\rewrite.php(43): require_once('C:\\xampp2\\htdoc...')
#7 {main}
CRITICAL - 2022-03-10 22:26:06 --> unlink(assets/img/menu/1646555058_7f4e54479e84e24a0ffd.jpg): No such file or directory
#0 [internal function]: CodeIgniter\Debug\Exceptions->errorHandler(2, 'unlink(assets/i...', 'C:\\xampp2\\htdoc...', 269, Array)
#1 C:\xampp2\htdocs\UkomKasir\app\Controllers\Menu.php(269): unlink('assets/img/menu...')
#2 C:\xampp2\htdocs\UkomKasir\system\CodeIgniter.php(824): App\Controllers\Menu->delete('13')
#3 C:\xampp2\htdocs\UkomKasir\system\CodeIgniter.php(410): CodeIgniter\CodeIgniter->runController(Object(App\Controllers\Menu))
#4 C:\xampp2\htdocs\UkomKasir\system\CodeIgniter.php(318): CodeIgniter\CodeIgniter->handleRequest(NULL, Object(Config\Cache), false)
#5 C:\xampp2\htdocs\UkomKasir\public\index.php(37): CodeIgniter\CodeIgniter->run()
#6 C:\xampp2\htdocs\UkomKasir\system\Commands\Server\rewrite.php(43): require_once('C:\\xampp2\\htdoc...')
#7 {main}
