CRITICAL - 2022-03-19 02:34:20 --> Undefined property: stdClass::$nama_level
#0 C:\xampp\htdocs\UkomKasir\app\Views\order\index.php(51): CodeIgniter\Debug\Exceptions->errorHandler(8, 'Undefined prope...', 'C:\\xampp\\htdocs...', 51, Array)
#1 C:\xampp\htdocs\UkomKasir\system\View\View.php(214): include('C:\\xampp\\htdocs...')
#2 C:\xampp\htdocs\UkomKasir\system\View\View.php(217): CodeIgniter\View\View->CodeIgniter\View\{closure}()
#3 C:\xampp\htdocs\UkomKasir\system\Common.php(1097): CodeIgniter\View\View->render('order/index', Array, true)
#4 C:\xampp\htdocs\UkomKasir\app\Controllers\Order.php(25): view('order/index', Array)
#5 C:\xampp\htdocs\UkomKasir\system\CodeIgniter.php(824): App\Controllers\Order->index()
#6 C:\xampp\htdocs\UkomKasir\system\CodeIgniter.php(410): CodeIgniter\CodeIgniter->runController(Object(App\Controllers\Order))
#7 C:\xampp\htdocs\UkomKasir\system\CodeIgniter.php(318): CodeIgniter\CodeIgniter->handleRequest(NULL, Object(Config\Cache), false)
#8 C:\xampp\htdocs\UkomKasir\public\index.php(37): CodeIgniter\CodeIgniter->run()
#9 C:\xampp\htdocs\UkomKasir\system\Commands\Server\rewrite.php(43): require_once('C:\\xampp\\htdocs...')
#10 {main}
CRITICAL - 2022-03-19 05:46:29 --> Undefined property: stdClass::$id_menu
#0 C:\xampp\htdocs\UkomKasir\app\Views\order\index.php(133): CodeIgniter\Debug\Exceptions->errorHandler(8, 'Undefined prope...', 'C:\\xampp\\htdocs...', 133, Array)
#1 C:\xampp\htdocs\UkomKasir\system\View\View.php(214): include('C:\\xampp\\htdocs...')
#2 C:\xampp\htdocs\UkomKasir\system\View\View.php(217): CodeIgniter\View\View->CodeIgniter\View\{closure}()
#3 C:\xampp\htdocs\UkomKasir\system\Common.php(1097): CodeIgniter\View\View->render('order/index', Array, true)
#4 C:\xampp\htdocs\UkomKasir\app\Controllers\Order.php(27): view('order/index', Array)
#5 C:\xampp\htdocs\UkomKasir\system\CodeIgniter.php(824): App\Controllers\Order->index()
#6 C:\xampp\htdocs\UkomKasir\system\CodeIgniter.php(410): CodeIgniter\CodeIgniter->runController(Object(App\Controllers\Order))
#7 C:\xampp\htdocs\UkomKasir\system\CodeIgniter.php(318): CodeIgniter\CodeIgniter->handleRequest(NULL, Object(Config\Cache), false)
#8 C:\xampp\htdocs\UkomKasir\public\index.php(37): CodeIgniter\CodeIgniter->run()
#9 C:\xampp\htdocs\UkomKasir\system\Commands\Server\rewrite.php(43): require_once('C:\\xampp\\htdocs...')
#10 {main}
CRITICAL - 2022-03-19 05:49:57 --> Class 'App\Controllers\MenuModel' not found
#0 C:\xampp\htdocs\UkomKasir\system\CodeIgniter.php(801): App\Controllers\Order->__construct()
#1 C:\xampp\htdocs\UkomKasir\system\CodeIgniter.php(401): CodeIgniter\CodeIgniter->createController()
#2 C:\xampp\htdocs\UkomKasir\system\CodeIgniter.php(318): CodeIgniter\CodeIgniter->handleRequest(NULL, Object(Config\Cache), false)
#3 C:\xampp\htdocs\UkomKasir\public\index.php(37): CodeIgniter\CodeIgniter->run()
#4 C:\xampp\htdocs\UkomKasir\system\Commands\Server\rewrite.php(43): require_once('C:\\xampp\\htdocs...')
#5 {main}
CRITICAL - 2022-03-19 09:14:05 --> Call to a member function getResult() on array
#0 C:\xampp\htdocs\UkomKasir\system\CodeIgniter.php(824): App\Controllers\Order->index()
#1 C:\xampp\htdocs\UkomKasir\system\CodeIgniter.php(410): CodeIgniter\CodeIgniter->runController(Object(App\Controllers\Order))
#2 C:\xampp\htdocs\UkomKasir\system\CodeIgniter.php(318): CodeIgniter\CodeIgniter->handleRequest(NULL, Object(Config\Cache), false)
#3 C:\xampp\htdocs\UkomKasir\public\index.php(37): CodeIgniter\CodeIgniter->run()
#4 C:\xampp\htdocs\UkomKasir\system\Commands\Server\rewrite.php(43): require_once('C:\\xampp\\htdocs...')
#5 {main}
CRITICAL - 2022-03-19 09:14:15 --> Call to a member function getResultArray() on array
#0 C:\xampp\htdocs\UkomKasir\system\CodeIgniter.php(824): App\Controllers\Order->index()
#1 C:\xampp\htdocs\UkomKasir\system\CodeIgniter.php(410): CodeIgniter\CodeIgniter->runController(Object(App\Controllers\Order))
#2 C:\xampp\htdocs\UkomKasir\system\CodeIgniter.php(318): CodeIgniter\CodeIgniter->handleRequest(NULL, Object(Config\Cache), false)
#3 C:\xampp\htdocs\UkomKasir\public\index.php(37): CodeIgniter\CodeIgniter->run()
#4 C:\xampp\htdocs\UkomKasir\system\Commands\Server\rewrite.php(43): require_once('C:\\xampp\\htdocs...')
#5 {main}
CRITICAL - 2022-03-19 09:14:32 --> Undefined index: id_order
#0 C:\xampp\htdocs\UkomKasir\app\Controllers\Order.php(25): CodeIgniter\Debug\Exceptions->errorHandler(8, 'Undefined index...', 'C:\\xampp\\htdocs...', 25, Array)
#1 C:\xampp\htdocs\UkomKasir\system\CodeIgniter.php(824): App\Controllers\Order->index()
#2 C:\xampp\htdocs\UkomKasir\system\CodeIgniter.php(410): CodeIgniter\CodeIgniter->runController(Object(App\Controllers\Order))
#3 C:\xampp\htdocs\UkomKasir\system\CodeIgniter.php(318): CodeIgniter\CodeIgniter->handleRequest(NULL, Object(Config\Cache), false)
#4 C:\xampp\htdocs\UkomKasir\public\index.php(37): CodeIgniter\CodeIgniter->run()
#5 C:\xampp\htdocs\UkomKasir\system\Commands\Server\rewrite.php(43): require_once('C:\\xampp\\htdocs...')
#6 {main}
CRITICAL - 2022-03-19 09:14:46 --> Trying to get property 'id_order' of non-object
#0 C:\xampp\htdocs\UkomKasir\app\Controllers\Order.php(25): CodeIgniter\Debug\Exceptions->errorHandler(8, 'Trying to get p...', 'C:\\xampp\\htdocs...', 25, Array)
#1 C:\xampp\htdocs\UkomKasir\system\CodeIgniter.php(824): App\Controllers\Order->index()
#2 C:\xampp\htdocs\UkomKasir\system\CodeIgniter.php(410): CodeIgniter\CodeIgniter->runController(Object(App\Controllers\Order))
#3 C:\xampp\htdocs\UkomKasir\system\CodeIgniter.php(318): CodeIgniter\CodeIgniter->handleRequest(NULL, Object(Config\Cache), false)
#4 C:\xampp\htdocs\UkomKasir\public\index.php(37): CodeIgniter\CodeIgniter->run()
#5 C:\xampp\htdocs\UkomKasir\system\Commands\Server\rewrite.php(43): require_once('C:\\xampp\\htdocs...')
#6 {main}
CRITICAL - 2022-03-19 09:16:20 --> syntax error, unexpected 'dd' (T_STRING)
#0 C:\xampp\htdocs\UkomKasir\system\Autoloader\Autoloader.php(241): CodeIgniter\Autoloader\Autoloader->includeFile('C:\\xampp\\htdocs...')
#1 C:\xampp\htdocs\UkomKasir\system\Autoloader\Autoloader.php(219): CodeIgniter\Autoloader\Autoloader->loadInNamespace('App\\Controllers...')
#2 [internal function]: CodeIgniter\Autoloader\Autoloader->loadClass('App\\Controllers...')
#3 [internal function]: spl_autoload_call('App\\Controllers...')
#4 C:\xampp\htdocs\UkomKasir\system\CodeIgniter.php(789): class_exists('\\App\\Controller...', true)
#5 C:\xampp\htdocs\UkomKasir\system\CodeIgniter.php(397): CodeIgniter\CodeIgniter->startController()
#6 C:\xampp\htdocs\UkomKasir\system\CodeIgniter.php(318): CodeIgniter\CodeIgniter->handleRequest(NULL, Object(Config\Cache), false)
#7 C:\xampp\htdocs\UkomKasir\public\index.php(37): CodeIgniter\CodeIgniter->run()
#8 C:\xampp\htdocs\UkomKasir\system\Commands\Server\rewrite.php(43): require_once('C:\\xampp\\htdocs...')
#9 {main}
CRITICAL - 2022-03-19 09:16:33 --> Trying to get property 'id_order' of non-object
#0 C:\xampp\htdocs\UkomKasir\app\Controllers\Order.php(25): CodeIgniter\Debug\Exceptions->errorHandler(8, 'Trying to get p...', 'C:\\xampp\\htdocs...', 25, Array)
#1 C:\xampp\htdocs\UkomKasir\system\CodeIgniter.php(824): App\Controllers\Order->index()
#2 C:\xampp\htdocs\UkomKasir\system\CodeIgniter.php(410): CodeIgniter\CodeIgniter->runController(Object(App\Controllers\Order))
#3 C:\xampp\htdocs\UkomKasir\system\CodeIgniter.php(318): CodeIgniter\CodeIgniter->handleRequest(NULL, Object(Config\Cache), false)
#4 C:\xampp\htdocs\UkomKasir\public\index.php(37): CodeIgniter\CodeIgniter->run()
#5 C:\xampp\htdocs\UkomKasir\system\Commands\Server\rewrite.php(43): require_once('C:\\xampp\\htdocs...')
#6 {main}
CRITICAL - 2022-03-19 09:17:51 --> Call to a member function getResult() on array
#0 C:\xampp\htdocs\UkomKasir\system\CodeIgniter.php(824): App\Controllers\Order->index()
#1 C:\xampp\htdocs\UkomKasir\system\CodeIgniter.php(410): CodeIgniter\CodeIgniter->runController(Object(App\Controllers\Order))
#2 C:\xampp\htdocs\UkomKasir\system\CodeIgniter.php(318): CodeIgniter\CodeIgniter->handleRequest(NULL, Object(Config\Cache), false)
#3 C:\xampp\htdocs\UkomKasir\public\index.php(37): CodeIgniter\CodeIgniter->run()
#4 C:\xampp\htdocs\UkomKasir\system\Commands\Server\rewrite.php(43): require_once('C:\\xampp\\htdocs...')
#5 {main}
ERROR - 2022-03-19 09:18:23 --> Table 'krakatoa.td_order' doesn't exist
CRITICAL - 2022-03-19 09:18:23 --> Table 'krakatoa.td_order' doesn't exist
#0 C:\xampp\htdocs\UkomKasir\system\Database\MySQLi\Connection.php(292): mysqli->query('SELECT *\nFROM `...', 0)
#1 C:\xampp\htdocs\UkomKasir\system\Database\BaseConnection.php(670): CodeIgniter\Database\MySQLi\Connection->execute('SELECT *\nFROM `...')
#2 C:\xampp\htdocs\UkomKasir\system\Database\BaseConnection.php(598): CodeIgniter\Database\BaseConnection->simpleQuery('SELECT *\nFROM `...')
#3 C:\xampp\htdocs\UkomKasir\system\Database\BaseBuilder.php(1443): CodeIgniter\Database\BaseConnection->query('SELECT *\nFROM `...', Array, false)
#4 C:\xampp\htdocs\UkomKasir\system\Model.php(145): CodeIgniter\Database\BaseBuilder->get()
#5 C:\xampp\htdocs\UkomKasir\system\BaseModel.php(523): CodeIgniter\Model->doFind(false, NULL)
#6 C:\xampp\htdocs\UkomKasir\app\Controllers\Order.php(23): CodeIgniter\BaseModel->find()
#7 C:\xampp\htdocs\UkomKasir\system\CodeIgniter.php(824): App\Controllers\Order->index()
#8 C:\xampp\htdocs\UkomKasir\system\CodeIgniter.php(410): CodeIgniter\CodeIgniter->runController(Object(App\Controllers\Order))
#9 C:\xampp\htdocs\UkomKasir\system\CodeIgniter.php(318): CodeIgniter\CodeIgniter->handleRequest(NULL, Object(Config\Cache), false)
#10 C:\xampp\htdocs\UkomKasir\public\index.php(37): CodeIgniter\CodeIgniter->run()
#11 C:\xampp\htdocs\UkomKasir\system\Commands\Server\rewrite.php(43): require_once('C:\\xampp\\htdocs...')
#12 {main}
CRITICAL - 2022-03-19 09:22:55 --> Call to a member function getRow() on array
#0 C:\xampp\htdocs\UkomKasir\system\CodeIgniter.php(824): App\Controllers\Order->index()
#1 C:\xampp\htdocs\UkomKasir\system\CodeIgniter.php(410): CodeIgniter\CodeIgniter->runController(Object(App\Controllers\Order))
#2 C:\xampp\htdocs\UkomKasir\system\CodeIgniter.php(318): CodeIgniter\CodeIgniter->handleRequest(NULL, Object(Config\Cache), false)
#3 C:\xampp\htdocs\UkomKasir\public\index.php(37): CodeIgniter\CodeIgniter->run()
#4 C:\xampp\htdocs\UkomKasir\system\Commands\Server\rewrite.php(43): require_once('C:\\xampp\\htdocs...')
#5 {main}
CRITICAL - 2022-03-19 09:23:58 --> Trying to get property 'id_order' of non-object
#0 C:\xampp\htdocs\UkomKasir\app\Controllers\Order.php(26): CodeIgniter\Debug\Exceptions->errorHandler(8, 'Trying to get p...', 'C:\\xampp\\htdocs...', 26, Array)
#1 C:\xampp\htdocs\UkomKasir\system\CodeIgniter.php(824): App\Controllers\Order->index()
#2 C:\xampp\htdocs\UkomKasir\system\CodeIgniter.php(410): CodeIgniter\CodeIgniter->runController(Object(App\Controllers\Order))
#3 C:\xampp\htdocs\UkomKasir\system\CodeIgniter.php(318): CodeIgniter\CodeIgniter->handleRequest(NULL, Object(Config\Cache), false)
#4 C:\xampp\htdocs\UkomKasir\public\index.php(37): CodeIgniter\CodeIgniter->run()
#5 C:\xampp\htdocs\UkomKasir\system\Commands\Server\rewrite.php(43): require_once('C:\\xampp\\htdocs...')
#6 {main}
ERROR - 2022-03-19 09:43:07 --> Cannot add or update a child row: a foreign key constraint fails (`krakatoa`.`tb_detail_order`, CONSTRAINT `tb_detail_order_ibfk_1` FOREIGN KEY (`id_order`) REFERENCES `tb_order` (`id_order`) ON DELETE CASCADE ON UPDATE CASCADE)
CRITICAL - 2022-03-19 09:43:07 --> Cannot add or update a child row: a foreign key constraint fails (`krakatoa`.`tb_detail_order`, CONSTRAINT `tb_detail_order_ibfk_1` FOREIGN KEY (`id_order`) REFERENCES `tb_order` (`id_order`) ON DELETE CASCADE ON UPDATE CASCADE)
#0 C:\xampp\htdocs\UkomKasir\system\Database\MySQLi\Connection.php(292): mysqli->query('INSERT INTO `tb...', 0)
#1 C:\xampp\htdocs\UkomKasir\system\Database\BaseConnection.php(670): CodeIgniter\Database\MySQLi\Connection->execute('INSERT INTO `tb...')
#2 C:\xampp\htdocs\UkomKasir\system\Database\BaseConnection.php(598): CodeIgniter\Database\BaseConnection->simpleQuery('INSERT INTO `tb...')
#3 C:\xampp\htdocs\UkomKasir\system\Database\BaseBuilder.php(1759): CodeIgniter\Database\BaseConnection->query('INSERT INTO `tb...', Array, false)
#4 C:\xampp\htdocs\UkomKasir\system\Model.php(239): CodeIgniter\Database\BaseBuilder->insert()
#5 C:\xampp\htdocs\UkomKasir\system\BaseModel.php(738): CodeIgniter\Model->doInsert(Array)
#6 C:\xampp\htdocs\UkomKasir\system\Model.php(620): CodeIgniter\BaseModel->insert(Array, true)
#7 C:\xampp\htdocs\UkomKasir\app\Controllers\Order.php(66): CodeIgniter\Model->insert(Array)
#8 C:\xampp\htdocs\UkomKasir\system\CodeIgniter.php(824): App\Controllers\Order->create()
#9 C:\xampp\htdocs\UkomKasir\system\CodeIgniter.php(410): CodeIgniter\CodeIgniter->runController(Object(App\Controllers\Order))
#10 C:\xampp\htdocs\UkomKasir\system\CodeIgniter.php(318): CodeIgniter\CodeIgniter->handleRequest(NULL, Object(Config\Cache), false)
#11 C:\xampp\htdocs\UkomKasir\public\index.php(37): CodeIgniter\CodeIgniter->run()
#12 C:\xampp\htdocs\UkomKasir\system\Commands\Server\rewrite.php(43): require_once('C:\\xampp\\htdocs...')
#13 {main}
ERROR - 2022-03-19 09:48:24 --> Column 'id_order' cannot be null
CRITICAL - 2022-03-19 09:48:24 --> Column 'id_order' cannot be null
#0 C:\xampp\htdocs\UkomKasir\system\Database\MySQLi\Connection.php(292): mysqli->query('INSERT INTO `tb...', 0)
#1 C:\xampp\htdocs\UkomKasir\system\Database\BaseConnection.php(670): CodeIgniter\Database\MySQLi\Connection->execute('INSERT INTO `tb...')
#2 C:\xampp\htdocs\UkomKasir\system\Database\BaseConnection.php(598): CodeIgniter\Database\BaseConnection->simpleQuery('INSERT INTO `tb...')
#3 C:\xampp\htdocs\UkomKasir\system\Database\BaseBuilder.php(1759): CodeIgniter\Database\BaseConnection->query('INSERT INTO `tb...', Array, false)
#4 C:\xampp\htdocs\UkomKasir\system\Model.php(239): CodeIgniter\Database\BaseBuilder->insert()
#5 C:\xampp\htdocs\UkomKasir\system\BaseModel.php(738): CodeIgniter\Model->doInsert(Array)
#6 C:\xampp\htdocs\UkomKasir\system\Model.php(620): CodeIgniter\BaseModel->insert(Array, true)
#7 C:\xampp\htdocs\UkomKasir\app\Controllers\Order.php(77): CodeIgniter\Model->insert(Array)
#8 C:\xampp\htdocs\UkomKasir\system\CodeIgniter.php(824): App\Controllers\Order->detail()
#9 C:\xampp\htdocs\UkomKasir\system\CodeIgniter.php(410): CodeIgniter\CodeIgniter->runController(Object(App\Controllers\Order))
#10 C:\xampp\htdocs\UkomKasir\system\CodeIgniter.php(318): CodeIgniter\CodeIgniter->handleRequest(NULL, Object(Config\Cache), false)
#11 C:\xampp\htdocs\UkomKasir\public\index.php(37): CodeIgniter\CodeIgniter->run()
#12 C:\xampp\htdocs\UkomKasir\system\Commands\Server\rewrite.php(43): require_once('C:\\xampp\\htdocs...')
#13 {main}
CRITICAL - 2022-03-19 10:03:55 --> Call to a member function getResultArray() on array
#0 C:\xampp\htdocs\UkomKasir\app\Controllers\User.php(23): App\Models\UserModel->getAllData()
#1 C:\xampp\htdocs\UkomKasir\system\CodeIgniter.php(824): App\Controllers\User->index()
#2 C:\xampp\htdocs\UkomKasir\system\CodeIgniter.php(410): CodeIgniter\CodeIgniter->runController(Object(App\Controllers\User))
#3 C:\xampp\htdocs\UkomKasir\system\CodeIgniter.php(318): CodeIgniter\CodeIgniter->handleRequest(NULL, Object(Config\Cache), false)
#4 C:\xampp\htdocs\UkomKasir\public\index.php(37): CodeIgniter\CodeIgniter->run()
#5 C:\xampp\htdocs\UkomKasir\system\Commands\Server\rewrite.php(43): require_once('C:\\xampp\\htdocs...')
#6 {main}
CRITICAL - 2022-03-19 10:26:15 --> Undefined property: CodeIgniter\View\View::$menu
#0 C:\xampp\htdocs\UkomKasir\app\Views\order\index.php(69): CodeIgniter\Debug\Exceptions->errorHandler(8, 'Undefined prope...', 'C:\\xampp\\htdocs...', 69, Array)
#1 C:\xampp\htdocs\UkomKasir\system\View\View.php(214): include('C:\\xampp\\htdocs...')
#2 C:\xampp\htdocs\UkomKasir\system\View\View.php(217): CodeIgniter\View\View->CodeIgniter\View\{closure}()
#3 C:\xampp\htdocs\UkomKasir\system\Common.php(1097): CodeIgniter\View\View->render('order/index', Array, true)
#4 C:\xampp\htdocs\UkomKasir\app\Controllers\Order.php(32): view('order/index', Array)
#5 C:\xampp\htdocs\UkomKasir\system\CodeIgniter.php(824): App\Controllers\Order->index()
#6 C:\xampp\htdocs\UkomKasir\system\CodeIgniter.php(410): CodeIgniter\CodeIgniter->runController(Object(App\Controllers\Order))
#7 C:\xampp\htdocs\UkomKasir\system\CodeIgniter.php(318): CodeIgniter\CodeIgniter->handleRequest(NULL, Object(Config\Cache), false)
#8 C:\xampp\htdocs\UkomKasir\public\index.php(37): CodeIgniter\CodeIgniter->run()
#9 C:\xampp\htdocs\UkomKasir\system\Commands\Server\rewrite.php(43): require_once('C:\\xampp\\htdocs...')
#10 {main}
CRITICAL - 2022-03-19 10:35:44 --> Trying to get property 'nama_level' of non-object
#0 C:\xampp\htdocs\UkomKasir\app\Views\layout\default.php(52): CodeIgniter\Debug\Exceptions->errorHandler(8, 'Trying to get p...', 'C:\\xampp\\htdocs...', 52, Array)
#1 C:\xampp\htdocs\UkomKasir\system\View\View.php(214): include('C:\\xampp\\htdocs...')
#2 C:\xampp\htdocs\UkomKasir\system\View\View.php(217): CodeIgniter\View\View->CodeIgniter\View\{closure}()
#3 C:\xampp\htdocs\UkomKasir\system\View\View.php(230): CodeIgniter\View\View->render('layout/default', Array, true)
#4 C:\xampp\htdocs\UkomKasir\system\Common.php(1097): CodeIgniter\View\View->render('order/index', Array, true)
#5 C:\xampp\htdocs\UkomKasir\app\Controllers\Order.php(32): view('order/index', Array)
#6 C:\xampp\htdocs\UkomKasir\system\CodeIgniter.php(824): App\Controllers\Order->index()
#7 C:\xampp\htdocs\UkomKasir\system\CodeIgniter.php(410): CodeIgniter\CodeIgniter->runController(Object(App\Controllers\Order))
#8 C:\xampp\htdocs\UkomKasir\system\CodeIgniter.php(318): CodeIgniter\CodeIgniter->handleRequest(NULL, Object(Config\Cache), false)
#9 C:\xampp\htdocs\UkomKasir\public\index.php(37): CodeIgniter\CodeIgniter->run()
#10 C:\xampp\htdocs\UkomKasir\system\Commands\Server\rewrite.php(43): require_once('C:\\xampp\\htdocs...')
#11 {main}
CRITICAL - 2022-03-19 10:36:05 --> Trying to get property 'nama_level' of non-object
#0 C:\xampp\htdocs\UkomKasir\app\Views\layout\default.php(52): CodeIgniter\Debug\Exceptions->errorHandler(8, 'Trying to get p...', 'C:\\xampp\\htdocs...', 52, Array)
#1 C:\xampp\htdocs\UkomKasir\system\View\View.php(214): include('C:\\xampp\\htdocs...')
#2 C:\xampp\htdocs\UkomKasir\system\View\View.php(217): CodeIgniter\View\View->CodeIgniter\View\{closure}()
#3 C:\xampp\htdocs\UkomKasir\system\View\View.php(230): CodeIgniter\View\View->render('layout/default', Array, true)
#4 C:\xampp\htdocs\UkomKasir\system\Common.php(1097): CodeIgniter\View\View->render('order/index', Array, true)
#5 C:\xampp\htdocs\UkomKasir\app\Controllers\Order.php(32): view('order/index', Array)
#6 C:\xampp\htdocs\UkomKasir\system\CodeIgniter.php(824): App\Controllers\Order->index()
#7 C:\xampp\htdocs\UkomKasir\system\CodeIgniter.php(410): CodeIgniter\CodeIgniter->runController(Object(App\Controllers\Order))
#8 C:\xampp\htdocs\UkomKasir\system\CodeIgniter.php(318): CodeIgniter\CodeIgniter->handleRequest(NULL, Object(Config\Cache), false)
#9 C:\xampp\htdocs\UkomKasir\public\index.php(37): CodeIgniter\CodeIgniter->run()
#10 C:\xampp\htdocs\UkomKasir\system\Commands\Server\rewrite.php(43): require_once('C:\\xampp\\htdocs...')
#11 {main}
CRITICAL - 2022-03-19 10:36:43 --> Trying to get property 'nama_level' of non-object
#0 C:\xampp\htdocs\UkomKasir\app\Views\layout\default.php(52): CodeIgniter\Debug\Exceptions->errorHandler(8, 'Trying to get p...', 'C:\\xampp\\htdocs...', 52, Array)
#1 C:\xampp\htdocs\UkomKasir\system\View\View.php(214): include('C:\\xampp\\htdocs...')
#2 C:\xampp\htdocs\UkomKasir\system\View\View.php(217): CodeIgniter\View\View->CodeIgniter\View\{closure}()
#3 C:\xampp\htdocs\UkomKasir\system\View\View.php(230): CodeIgniter\View\View->render('layout/default', Array, true)
#4 C:\xampp\htdocs\UkomKasir\system\Common.php(1097): CodeIgniter\View\View->render('order/index', Array, true)
#5 C:\xampp\htdocs\UkomKasir\app\Controllers\Order.php(32): view('order/index', Array)
#6 C:\xampp\htdocs\UkomKasir\system\CodeIgniter.php(824): App\Controllers\Order->index()
#7 C:\xampp\htdocs\UkomKasir\system\CodeIgniter.php(410): CodeIgniter\CodeIgniter->runController(Object(App\Controllers\Order))
#8 C:\xampp\htdocs\UkomKasir\system\CodeIgniter.php(318): CodeIgniter\CodeIgniter->handleRequest(NULL, Object(Config\Cache), false)
#9 C:\xampp\htdocs\UkomKasir\public\index.php(37): CodeIgniter\CodeIgniter->run()
#10 C:\xampp\htdocs\UkomKasir\system\Commands\Server\rewrite.php(43): require_once('C:\\xampp\\htdocs...')
#11 {main}
CRITICAL - 2022-03-19 10:42:44 --> Undefined property: CodeIgniter\View\View::$order
#0 C:\xampp\htdocs\UkomKasir\app\Views\order\index.php(69): CodeIgniter\Debug\Exceptions->errorHandler(8, 'Undefined prope...', 'C:\\xampp\\htdocs...', 69, Array)
#1 C:\xampp\htdocs\UkomKasir\system\View\View.php(214): include('C:\\xampp\\htdocs...')
#2 C:\xampp\htdocs\UkomKasir\system\View\View.php(217): CodeIgniter\View\View->CodeIgniter\View\{closure}()
#3 C:\xampp\htdocs\UkomKasir\system\Common.php(1097): CodeIgniter\View\View->render('order/index', Array, true)
#4 C:\xampp\htdocs\UkomKasir\app\Controllers\Order.php(32): view('order/index', Array)
#5 C:\xampp\htdocs\UkomKasir\system\CodeIgniter.php(824): App\Controllers\Order->index()
#6 C:\xampp\htdocs\UkomKasir\system\CodeIgniter.php(410): CodeIgniter\CodeIgniter->runController(Object(App\Controllers\Order))
#7 C:\xampp\htdocs\UkomKasir\system\CodeIgniter.php(318): CodeIgniter\CodeIgniter->handleRequest(NULL, Object(Config\Cache), false)
#8 C:\xampp\htdocs\UkomKasir\public\index.php(37): CodeIgniter\CodeIgniter->run()
#9 C:\xampp\htdocs\UkomKasir\system\Commands\Server\rewrite.php(43): require_once('C:\\xampp\\htdocs...')
#10 {main}
CRITICAL - 2022-03-19 18:07:04 --> Undefined property: CodeIgniter\View\View::$order
#0 C:\xampp\htdocs\UkomKasir\app\Views\order\index.php(69): CodeIgniter\Debug\Exceptions->errorHandler(8, 'Undefined prope...', 'C:\\xampp\\htdocs...', 69, Array)
#1 C:\xampp\htdocs\UkomKasir\system\View\View.php(214): include('C:\\xampp\\htdocs...')
#2 C:\xampp\htdocs\UkomKasir\system\View\View.php(217): CodeIgniter\View\View->CodeIgniter\View\{closure}()
#3 C:\xampp\htdocs\UkomKasir\system\Common.php(1097): CodeIgniter\View\View->render('order/index', Array, true)
#4 C:\xampp\htdocs\UkomKasir\app\Controllers\Order.php(32): view('order/index', Array)
#5 C:\xampp\htdocs\UkomKasir\system\CodeIgniter.php(824): App\Controllers\Order->index()
#6 C:\xampp\htdocs\UkomKasir\system\CodeIgniter.php(410): CodeIgniter\CodeIgniter->runController(Object(App\Controllers\Order))
#7 C:\xampp\htdocs\UkomKasir\system\CodeIgniter.php(318): CodeIgniter\CodeIgniter->handleRequest(NULL, Object(Config\Cache), false)
#8 C:\xampp\htdocs\UkomKasir\public\index.php(37): CodeIgniter\CodeIgniter->run()
#9 C:\xampp\htdocs\UkomKasir\system\Commands\Server\rewrite.php(43): require_once('C:\\xampp\\htdocs...')
#10 {main}
CRITICAL - 2022-03-19 18:08:06 --> Call to undefined method App\Models\DetailOrderM::getDataById
#0 C:\xampp\htdocs\UkomKasir\app\Views\order\index.php(69): CodeIgniter\Model->__call('getDataById', Array)
#1 C:\xampp\htdocs\UkomKasir\system\View\View.php(214): include('C:\\xampp\\htdocs...')
#2 C:\xampp\htdocs\UkomKasir\system\View\View.php(217): CodeIgniter\View\View->CodeIgniter\View\{closure}()
#3 C:\xampp\htdocs\UkomKasir\system\Common.php(1097): CodeIgniter\View\View->render('order/index', Array, true)
#4 C:\xampp\htdocs\UkomKasir\app\Controllers\Order.php(33): view('order/index', Array)
#5 C:\xampp\htdocs\UkomKasir\system\CodeIgniter.php(824): App\Controllers\Order->index()
#6 C:\xampp\htdocs\UkomKasir\system\CodeIgniter.php(410): CodeIgniter\CodeIgniter->runController(Object(App\Controllers\Order))
#7 C:\xampp\htdocs\UkomKasir\system\CodeIgniter.php(318): CodeIgniter\CodeIgniter->handleRequest(NULL, Object(Config\Cache), false)
#8 C:\xampp\htdocs\UkomKasir\public\index.php(37): CodeIgniter\CodeIgniter->run()
#9 C:\xampp\htdocs\UkomKasir\system\Commands\Server\rewrite.php(43): require_once('C:\\xampp\\htdocs...')
#10 {main}
CRITICAL - 2022-03-19 18:10:23 --> Call to a member function where() on null
#0 C:\xampp\htdocs\UkomKasir\app\Views\order\index.php(69): App\Models\DetailOrderM->getDataById('1')
#1 C:\xampp\htdocs\UkomKasir\system\View\View.php(214): include('C:\\xampp\\htdocs...')
#2 C:\xampp\htdocs\UkomKasir\system\View\View.php(217): CodeIgniter\View\View->CodeIgniter\View\{closure}()
#3 C:\xampp\htdocs\UkomKasir\system\Common.php(1097): CodeIgniter\View\View->render('order/index', Array, true)
#4 C:\xampp\htdocs\UkomKasir\app\Controllers\Order.php(33): view('order/index', Array)
#5 C:\xampp\htdocs\UkomKasir\system\CodeIgniter.php(824): App\Controllers\Order->index()
#6 C:\xampp\htdocs\UkomKasir\system\CodeIgniter.php(410): CodeIgniter\CodeIgniter->runController(Object(App\Controllers\Order))
#7 C:\xampp\htdocs\UkomKasir\system\CodeIgniter.php(318): CodeIgniter\CodeIgniter->handleRequest(NULL, Object(Config\Cache), false)
#8 C:\xampp\htdocs\UkomKasir\public\index.php(37): CodeIgniter\CodeIgniter->run()
#9 C:\xampp\htdocs\UkomKasir\system\Commands\Server\rewrite.php(43): require_once('C:\\xampp\\htdocs...')
#10 {main}
CRITICAL - 2022-03-19 18:10:59 --> Call to a member function where() on null
#0 C:\xampp\htdocs\UkomKasir\app\Views\order\index.php(69): App\Models\DetailOrderM->getDataById('1')
#1 C:\xampp\htdocs\UkomKasir\system\View\View.php(214): include('C:\\xampp\\htdocs...')
#2 C:\xampp\htdocs\UkomKasir\system\View\View.php(217): CodeIgniter\View\View->CodeIgniter\View\{closure}()
#3 C:\xampp\htdocs\UkomKasir\system\Common.php(1097): CodeIgniter\View\View->render('order/index', Array, true)
#4 C:\xampp\htdocs\UkomKasir\app\Controllers\Order.php(33): view('order/index', Array)
#5 C:\xampp\htdocs\UkomKasir\system\CodeIgniter.php(824): App\Controllers\Order->index()
#6 C:\xampp\htdocs\UkomKasir\system\CodeIgniter.php(410): CodeIgniter\CodeIgniter->runController(Object(App\Controllers\Order))
#7 C:\xampp\htdocs\UkomKasir\system\CodeIgniter.php(318): CodeIgniter\CodeIgniter->handleRequest(NULL, Object(Config\Cache), false)
#8 C:\xampp\htdocs\UkomKasir\public\index.php(37): CodeIgniter\CodeIgniter->run()
#9 C:\xampp\htdocs\UkomKasir\system\Commands\Server\rewrite.php(43): require_once('C:\\xampp\\htdocs...')
#10 {main}
CRITICAL - 2022-03-19 18:14:10 --> Trying to get property 'keterangan' of non-object
#0 C:\xampp\htdocs\UkomKasir\app\Views\order\index.php(78): CodeIgniter\Debug\Exceptions->errorHandler(8, 'Trying to get p...', 'C:\\xampp\\htdocs...', 78, Array)
#1 C:\xampp\htdocs\UkomKasir\system\View\View.php(214): include('C:\\xampp\\htdocs...')
#2 C:\xampp\htdocs\UkomKasir\system\View\View.php(217): CodeIgniter\View\View->CodeIgniter\View\{closure}()
#3 C:\xampp\htdocs\UkomKasir\system\Common.php(1097): CodeIgniter\View\View->render('order/index', Array, true)
#4 C:\xampp\htdocs\UkomKasir\app\Controllers\Order.php(33): view('order/index', Array)
#5 C:\xampp\htdocs\UkomKasir\system\CodeIgniter.php(824): App\Controllers\Order->index()
#6 C:\xampp\htdocs\UkomKasir\system\CodeIgniter.php(410): CodeIgniter\CodeIgniter->runController(Object(App\Controllers\Order))
#7 C:\xampp\htdocs\UkomKasir\system\CodeIgniter.php(318): CodeIgniter\CodeIgniter->handleRequest(NULL, Object(Config\Cache), false)
#8 C:\xampp\htdocs\UkomKasir\public\index.php(37): CodeIgniter\CodeIgniter->run()
#9 C:\xampp\htdocs\UkomKasir\system\Commands\Server\rewrite.php(43): require_once('C:\\xampp\\htdocs...')
#10 {main}
CRITICAL - 2022-03-19 18:15:27 --> Trying to get property 'keterangan' of non-object
#0 C:\xampp\htdocs\UkomKasir\app\Views\order\index.php(77): CodeIgniter\Debug\Exceptions->errorHandler(8, 'Trying to get p...', 'C:\\xampp\\htdocs...', 77, Array)
#1 C:\xampp\htdocs\UkomKasir\system\View\View.php(214): include('C:\\xampp\\htdocs...')
#2 C:\xampp\htdocs\UkomKasir\system\View\View.php(217): CodeIgniter\View\View->CodeIgniter\View\{closure}()
#3 C:\xampp\htdocs\UkomKasir\system\Common.php(1097): CodeIgniter\View\View->render('order/index', Array, true)
#4 C:\xampp\htdocs\UkomKasir\app\Controllers\Order.php(33): view('order/index', Array)
#5 C:\xampp\htdocs\UkomKasir\system\CodeIgniter.php(824): App\Controllers\Order->index()
#6 C:\xampp\htdocs\UkomKasir\system\CodeIgniter.php(410): CodeIgniter\CodeIgniter->runController(Object(App\Controllers\Order))
#7 C:\xampp\htdocs\UkomKasir\system\CodeIgniter.php(318): CodeIgniter\CodeIgniter->handleRequest(NULL, Object(Config\Cache), false)
#8 C:\xampp\htdocs\UkomKasir\public\index.php(37): CodeIgniter\CodeIgniter->run()
#9 C:\xampp\htdocs\UkomKasir\system\Commands\Server\rewrite.php(43): require_once('C:\\xampp\\htdocs...')
#10 {main}
CRITICAL - 2022-03-19 18:15:55 --> Trying to get property 'status_order' of non-object
#0 C:\xampp\htdocs\UkomKasir\app\Views\order\index.php(80): CodeIgniter\Debug\Exceptions->errorHandler(8, 'Trying to get p...', 'C:\\xampp\\htdocs...', 80, Array)
#1 C:\xampp\htdocs\UkomKasir\system\View\View.php(214): include('C:\\xampp\\htdocs...')
#2 C:\xampp\htdocs\UkomKasir\system\View\View.php(217): CodeIgniter\View\View->CodeIgniter\View\{closure}()
#3 C:\xampp\htdocs\UkomKasir\system\Common.php(1097): CodeIgniter\View\View->render('order/index', Array, true)
#4 C:\xampp\htdocs\UkomKasir\app\Controllers\Order.php(33): view('order/index', Array)
#5 C:\xampp\htdocs\UkomKasir\system\CodeIgniter.php(824): App\Controllers\Order->index()
#6 C:\xampp\htdocs\UkomKasir\system\CodeIgniter.php(410): CodeIgniter\CodeIgniter->runController(Object(App\Controllers\Order))
#7 C:\xampp\htdocs\UkomKasir\system\CodeIgniter.php(318): CodeIgniter\CodeIgniter->handleRequest(NULL, Object(Config\Cache), false)
#8 C:\xampp\htdocs\UkomKasir\public\index.php(37): CodeIgniter\CodeIgniter->run()
#9 C:\xampp\htdocs\UkomKasir\system\Commands\Server\rewrite.php(43): require_once('C:\\xampp\\htdocs...')
#10 {main}
CRITICAL - 2022-03-19 18:20:02 --> Trying to get property 'status_order' of non-object
#0 C:\xampp\htdocs\UkomKasir\app\Views\order\index.php(84): CodeIgniter\Debug\Exceptions->errorHandler(8, 'Trying to get p...', 'C:\\xampp\\htdocs...', 84, Array)
#1 C:\xampp\htdocs\UkomKasir\system\View\View.php(214): include('C:\\xampp\\htdocs...')
#2 C:\xampp\htdocs\UkomKasir\system\View\View.php(217): CodeIgniter\View\View->CodeIgniter\View\{closure}()
#3 C:\xampp\htdocs\UkomKasir\system\Common.php(1097): CodeIgniter\View\View->render('order/index', Array, true)
#4 C:\xampp\htdocs\UkomKasir\app\Controllers\Order.php(33): view('order/index', Array)
#5 C:\xampp\htdocs\UkomKasir\system\CodeIgniter.php(824): App\Controllers\Order->index()
#6 C:\xampp\htdocs\UkomKasir\system\CodeIgniter.php(410): CodeIgniter\CodeIgniter->runController(Object(App\Controllers\Order))
#7 C:\xampp\htdocs\UkomKasir\system\CodeIgniter.php(318): CodeIgniter\CodeIgniter->handleRequest(NULL, Object(Config\Cache), false)
#8 C:\xampp\htdocs\UkomKasir\public\index.php(37): CodeIgniter\CodeIgniter->run()
#9 C:\xampp\htdocs\UkomKasir\system\Commands\Server\rewrite.php(43): require_once('C:\\xampp\\htdocs...')
#10 {main}
CRITICAL - 2022-03-19 18:21:01 --> Trying to get property 'id_order' of non-object
#0 C:\xampp\htdocs\UkomKasir\app\Views\order\index.php(93): CodeIgniter\Debug\Exceptions->errorHandler(8, 'Trying to get p...', 'C:\\xampp\\htdocs...', 93, Array)
#1 C:\xampp\htdocs\UkomKasir\system\View\View.php(214): include('C:\\xampp\\htdocs...')
#2 C:\xampp\htdocs\UkomKasir\system\View\View.php(217): CodeIgniter\View\View->CodeIgniter\View\{closure}()
#3 C:\xampp\htdocs\UkomKasir\system\Common.php(1097): CodeIgniter\View\View->render('order/index', Array, true)
#4 C:\xampp\htdocs\UkomKasir\app\Controllers\Order.php(33): view('order/index', Array)
#5 C:\xampp\htdocs\UkomKasir\system\CodeIgniter.php(824): App\Controllers\Order->index()
#6 C:\xampp\htdocs\UkomKasir\system\CodeIgniter.php(410): CodeIgniter\CodeIgniter->runController(Object(App\Controllers\Order))
#7 C:\xampp\htdocs\UkomKasir\system\CodeIgniter.php(318): CodeIgniter\CodeIgniter->handleRequest(NULL, Object(Config\Cache), false)
#8 C:\xampp\htdocs\UkomKasir\public\index.php(37): CodeIgniter\CodeIgniter->run()
#9 C:\xampp\htdocs\UkomKasir\system\Commands\Server\rewrite.php(43): require_once('C:\\xampp\\htdocs...')
#10 {main}
CRITICAL - 2022-03-19 18:27:17 --> Trying to get property 'nama_menu' of non-object
#0 C:\xampp\htdocs\UkomKasir\app\Views\order\index.php(76): CodeIgniter\Debug\Exceptions->errorHandler(8, 'Trying to get p...', 'C:\\xampp\\htdocs...', 76, Array)
#1 C:\xampp\htdocs\UkomKasir\system\View\View.php(214): include('C:\\xampp\\htdocs...')
#2 C:\xampp\htdocs\UkomKasir\system\View\View.php(217): CodeIgniter\View\View->CodeIgniter\View\{closure}()
#3 C:\xampp\htdocs\UkomKasir\system\Common.php(1097): CodeIgniter\View\View->render('order/index', Array, true)
#4 C:\xampp\htdocs\UkomKasir\app\Controllers\Order.php(33): view('order/index', Array)
#5 C:\xampp\htdocs\UkomKasir\system\CodeIgniter.php(824): App\Controllers\Order->index()
#6 C:\xampp\htdocs\UkomKasir\system\CodeIgniter.php(410): CodeIgniter\CodeIgniter->runController(Object(App\Controllers\Order))
#7 C:\xampp\htdocs\UkomKasir\system\CodeIgniter.php(318): CodeIgniter\CodeIgniter->handleRequest(NULL, Object(Config\Cache), false)
#8 C:\xampp\htdocs\UkomKasir\public\index.php(37): CodeIgniter\CodeIgniter->run()
#9 C:\xampp\htdocs\UkomKasir\system\Commands\Server\rewrite.php(43): require_once('C:\\xampp\\htdocs...')
#10 {main}
CRITICAL - 2022-03-19 18:28:29 --> Trying to get property 'nama_menu' of non-object
#0 C:\xampp\htdocs\UkomKasir\app\Views\order\index.php(76): CodeIgniter\Debug\Exceptions->errorHandler(8, 'Trying to get p...', 'C:\\xampp\\htdocs...', 76, Array)
#1 C:\xampp\htdocs\UkomKasir\system\View\View.php(214): include('C:\\xampp\\htdocs...')
#2 C:\xampp\htdocs\UkomKasir\system\View\View.php(217): CodeIgniter\View\View->CodeIgniter\View\{closure}()
#3 C:\xampp\htdocs\UkomKasir\system\Common.php(1097): CodeIgniter\View\View->render('order/index', Array, true)
#4 C:\xampp\htdocs\UkomKasir\app\Controllers\Order.php(33): view('order/index', Array)
#5 C:\xampp\htdocs\UkomKasir\system\CodeIgniter.php(824): App\Controllers\Order->index()
#6 C:\xampp\htdocs\UkomKasir\system\CodeIgniter.php(410): CodeIgniter\CodeIgniter->runController(Object(App\Controllers\Order))
#7 C:\xampp\htdocs\UkomKasir\system\CodeIgniter.php(318): CodeIgniter\CodeIgniter->handleRequest(NULL, Object(Config\Cache), false)
#8 C:\xampp\htdocs\UkomKasir\public\index.php(37): CodeIgniter\CodeIgniter->run()
#9 C:\xampp\htdocs\UkomKasir\system\Commands\Server\rewrite.php(43): require_once('C:\\xampp\\htdocs...')
#10 {main}
CRITICAL - 2022-03-19 18:43:45 --> Trying to get property 'nama_menu' of non-object
#0 C:\xampp\htdocs\UkomKasir\app\Views\order\index.php(78): CodeIgniter\Debug\Exceptions->errorHandler(8, 'Trying to get p...', 'C:\\xampp\\htdocs...', 78, Array)
#1 C:\xampp\htdocs\UkomKasir\system\View\View.php(214): include('C:\\xampp\\htdocs...')
#2 C:\xampp\htdocs\UkomKasir\system\View\View.php(217): CodeIgniter\View\View->CodeIgniter\View\{closure}()
#3 C:\xampp\htdocs\UkomKasir\system\Common.php(1097): CodeIgniter\View\View->render('order/index', Array, true)
#4 C:\xampp\htdocs\UkomKasir\app\Controllers\Order.php(33): view('order/index', Array)
#5 C:\xampp\htdocs\UkomKasir\system\CodeIgniter.php(824): App\Controllers\Order->index()
#6 C:\xampp\htdocs\UkomKasir\system\CodeIgniter.php(410): CodeIgniter\CodeIgniter->runController(Object(App\Controllers\Order))
#7 C:\xampp\htdocs\UkomKasir\system\CodeIgniter.php(318): CodeIgniter\CodeIgniter->handleRequest(NULL, Object(Config\Cache), false)
#8 C:\xampp\htdocs\UkomKasir\public\index.php(37): CodeIgniter\CodeIgniter->run()
#9 C:\xampp\htdocs\UkomKasir\system\Commands\Server\rewrite.php(43): require_once('C:\\xampp\\htdocs...')
#10 {main}
CRITICAL - 2022-03-19 19:42:44 --> Call to undefined function App\Controllers\now()
#0 C:\xampp\htdocs\UkomKasir\system\CodeIgniter.php(824): App\Controllers\Order->create()
#1 C:\xampp\htdocs\UkomKasir\system\CodeIgniter.php(410): CodeIgniter\CodeIgniter->runController(Object(App\Controllers\Order))
#2 C:\xampp\htdocs\UkomKasir\system\CodeIgniter.php(318): CodeIgniter\CodeIgniter->handleRequest(NULL, Object(Config\Cache), false)
#3 C:\xampp\htdocs\UkomKasir\public\index.php(37): CodeIgniter\CodeIgniter->run()
#4 C:\xampp\htdocs\UkomKasir\system\Commands\Server\rewrite.php(43): require_once('C:\\xampp\\htdocs...')
#5 {main}
