CRITICAL - 2022-03-08 02:38:32 --> Undefined property: stdClass::$gambar
#0 C:\xampp\htdocs\UkomKasir\app\Views\menu\index.php(76): CodeIgniter\Debug\Exceptions->errorHandler(8, 'Undefined prope...', 'C:\\xampp\\htdocs...', 76, Array)
#1 C:\xampp\htdocs\UkomKasir\system\View\View.php(214): include('C:\\xampp\\htdocs...')
#2 C:\xampp\htdocs\UkomKasir\system\View\View.php(217): CodeIgniter\View\View->CodeIgniter\View\{closure}()
#3 C:\xampp\htdocs\UkomKasir\system\Common.php(1097): CodeIgniter\View\View->render('menu/index', Array, true)
#4 C:\xampp\htdocs\UkomKasir\app\Controllers\Menu.php(26): view('menu/index', Array)
#5 C:\xampp\htdocs\UkomKasir\system\CodeIgniter.php(824): App\Controllers\Menu->index()
#6 C:\xampp\htdocs\UkomKasir\system\CodeIgniter.php(410): CodeIgniter\CodeIgniter->runController(Object(App\Controllers\Menu))
#7 C:\xampp\htdocs\UkomKasir\system\CodeIgniter.php(318): CodeIgniter\CodeIgniter->handleRequest(NULL, Object(Config\Cache), false)
#8 C:\xampp\htdocs\UkomKasir\public\index.php(37): CodeIgniter\CodeIgniter->run()
#9 C:\xampp\htdocs\UkomKasir\system\Commands\Server\rewrite.php(43): require_once('C:\\xampp\\htdocs...')
#10 {main}
CRITICAL - 2022-03-08 02:39:42 --> Undefined property: stdClass::$gambar
#0 C:\xampp\htdocs\UkomKasir\app\Views\menu\index.php(76): CodeIgniter\Debug\Exceptions->errorHandler(8, 'Undefined prope...', 'C:\\xampp\\htdocs...', 76, Array)
#1 C:\xampp\htdocs\UkomKasir\system\View\View.php(214): include('C:\\xampp\\htdocs...')
#2 C:\xampp\htdocs\UkomKasir\system\View\View.php(217): CodeIgniter\View\View->CodeIgniter\View\{closure}()
#3 C:\xampp\htdocs\UkomKasir\system\Common.php(1097): CodeIgniter\View\View->render('menu/index', Array, true)
#4 C:\xampp\htdocs\UkomKasir\app\Controllers\Menu.php(26): view('menu/index', Array)
#5 C:\xampp\htdocs\UkomKasir\system\CodeIgniter.php(824): App\Controllers\Menu->index()
#6 C:\xampp\htdocs\UkomKasir\system\CodeIgniter.php(410): CodeIgniter\CodeIgniter->runController(Object(App\Controllers\Menu))
#7 C:\xampp\htdocs\UkomKasir\system\CodeIgniter.php(318): CodeIgniter\CodeIgniter->handleRequest(NULL, Object(Config\Cache), false)
#8 C:\xampp\htdocs\UkomKasir\public\index.php(37): CodeIgniter\CodeIgniter->run()
#9 C:\xampp\htdocs\UkomKasir\system\Commands\Server\rewrite.php(43): require_once('C:\\xampp\\htdocs...')
#10 {main}
CRITICAL - 2022-03-08 02:40:06 --> Undefined property: stdClass::$gambar
#0 C:\xampp\htdocs\UkomKasir\app\Views\menu\index.php(76): CodeIgniter\Debug\Exceptions->errorHandler(8, 'Undefined prope...', 'C:\\xampp\\htdocs...', 76, Array)
#1 C:\xampp\htdocs\UkomKasir\system\View\View.php(214): include('C:\\xampp\\htdocs...')
#2 C:\xampp\htdocs\UkomKasir\system\View\View.php(217): CodeIgniter\View\View->CodeIgniter\View\{closure}()
#3 C:\xampp\htdocs\UkomKasir\system\Common.php(1097): CodeIgniter\View\View->render('menu/index', Array, true)
#4 C:\xampp\htdocs\UkomKasir\app\Controllers\Menu.php(26): view('menu/index', Array)
#5 C:\xampp\htdocs\UkomKasir\system\CodeIgniter.php(824): App\Controllers\Menu->index()
#6 C:\xampp\htdocs\UkomKasir\system\CodeIgniter.php(410): CodeIgniter\CodeIgniter->runController(Object(App\Controllers\Menu))
#7 C:\xampp\htdocs\UkomKasir\system\CodeIgniter.php(318): CodeIgniter\CodeIgniter->handleRequest(NULL, Object(Config\Cache), false)
#8 C:\xampp\htdocs\UkomKasir\public\index.php(37): CodeIgniter\CodeIgniter->run()
#9 C:\xampp\htdocs\UkomKasir\system\Commands\Server\rewrite.php(43): require_once('C:\\xampp\\htdocs...')
#10 {main}
CRITICAL - 2022-03-08 02:53:04 --> Undefined property: App\Controllers\Menu::$paket
#0 C:\xampp\htdocs\UkomKasir\app\Controllers\Menu.php(111): CodeIgniter\Debug\Exceptions->errorHandler(8, 'Undefined prope...', 'C:\\xampp\\htdocs...', 111, Array)
#1 C:\xampp\htdocs\UkomKasir\system\CodeIgniter.php(824): App\Controllers\Menu->edit('11')
#2 C:\xampp\htdocs\UkomKasir\system\CodeIgniter.php(410): CodeIgniter\CodeIgniter->runController(Object(App\Controllers\Menu))
#3 C:\xampp\htdocs\UkomKasir\system\CodeIgniter.php(318): CodeIgniter\CodeIgniter->handleRequest(NULL, Object(Config\Cache), false)
#4 C:\xampp\htdocs\UkomKasir\public\index.php(37): CodeIgniter\CodeIgniter->run()
#5 C:\xampp\htdocs\UkomKasir\system\Commands\Server\rewrite.php(43): require_once('C:\\xampp\\htdocs...')
#6 {main}
CRITICAL - 2022-03-08 02:53:28 --> Undefined property: App\Controllers\Menu::$outlet
#0 C:\xampp\htdocs\UkomKasir\app\Controllers\Menu.php(117): CodeIgniter\Debug\Exceptions->errorHandler(8, 'Undefined prope...', 'C:\\xampp\\htdocs...', 117, Array)
#1 C:\xampp\htdocs\UkomKasir\system\CodeIgniter.php(824): App\Controllers\Menu->edit('11')
#2 C:\xampp\htdocs\UkomKasir\system\CodeIgniter.php(410): CodeIgniter\CodeIgniter->runController(Object(App\Controllers\Menu))
#3 C:\xampp\htdocs\UkomKasir\system\CodeIgniter.php(318): CodeIgniter\CodeIgniter->handleRequest(NULL, Object(Config\Cache), false)
#4 C:\xampp\htdocs\UkomKasir\public\index.php(37): CodeIgniter\CodeIgniter->run()
#5 C:\xampp\htdocs\UkomKasir\system\Commands\Server\rewrite.php(43): require_once('C:\\xampp\\htdocs...')
#6 {main}
CRITICAL - 2022-03-08 03:08:35 --> Undefined variable: variable
#0 C:\xampp\htdocs\UkomKasir\app\Views\menu\edit.php(80): CodeIgniter\Debug\Exceptions->errorHandler(8, 'Undefined varia...', 'C:\\xampp\\htdocs...', 80, Array)
#1 C:\xampp\htdocs\UkomKasir\system\View\View.php(214): include('C:\\xampp\\htdocs...')
#2 C:\xampp\htdocs\UkomKasir\system\View\View.php(217): CodeIgniter\View\View->CodeIgniter\View\{closure}()
#3 C:\xampp\htdocs\UkomKasir\system\Common.php(1097): CodeIgniter\View\View->render('menu/edit', Array, true)
#4 C:\xampp\htdocs\UkomKasir\app\Controllers\Menu.php(119): view('menu/edit', Array)
#5 C:\xampp\htdocs\UkomKasir\system\CodeIgniter.php(824): App\Controllers\Menu->edit('9')
#6 C:\xampp\htdocs\UkomKasir\system\CodeIgniter.php(410): CodeIgniter\CodeIgniter->runController(Object(App\Controllers\Menu))
#7 C:\xampp\htdocs\UkomKasir\system\CodeIgniter.php(318): CodeIgniter\CodeIgniter->handleRequest(NULL, Object(Config\Cache), false)
#8 C:\xampp\htdocs\UkomKasir\public\index.php(37): CodeIgniter\CodeIgniter->run()
#9 C:\xampp\htdocs\UkomKasir\system\Commands\Server\rewrite.php(43): require_once('C:\\xampp\\htdocs...')
#10 {main}
CRITICAL - 2022-03-08 03:10:46 --> Trying to get property 'status_masakan' of non-object
#0 C:\xampp\htdocs\UkomKasir\app\Views\menu\edit.php(81): CodeIgniter\Debug\Exceptions->errorHandler(8, 'Trying to get p...', 'C:\\xampp\\htdocs...', 81, Array)
#1 C:\xampp\htdocs\UkomKasir\system\View\View.php(214): include('C:\\xampp\\htdocs...')
#2 C:\xampp\htdocs\UkomKasir\system\View\View.php(217): CodeIgniter\View\View->CodeIgniter\View\{closure}()
#3 C:\xampp\htdocs\UkomKasir\system\Common.php(1097): CodeIgniter\View\View->render('menu/edit', Array, true)
#4 C:\xampp\htdocs\UkomKasir\app\Controllers\Menu.php(119): view('menu/edit', Array)
#5 C:\xampp\htdocs\UkomKasir\system\CodeIgniter.php(824): App\Controllers\Menu->edit('9')
#6 C:\xampp\htdocs\UkomKasir\system\CodeIgniter.php(410): CodeIgniter\CodeIgniter->runController(Object(App\Controllers\Menu))
#7 C:\xampp\htdocs\UkomKasir\system\CodeIgniter.php(318): CodeIgniter\CodeIgniter->handleRequest(NULL, Object(Config\Cache), false)
#8 C:\xampp\htdocs\UkomKasir\public\index.php(37): CodeIgniter\CodeIgniter->run()
#9 C:\xampp\htdocs\UkomKasir\system\Commands\Server\rewrite.php(43): require_once('C:\\xampp\\htdocs...')
#10 {main}
CRITICAL - 2022-03-08 03:30:36 --> Trying to get property 'status_masakan' of non-object
#0 C:\xampp\htdocs\UkomKasir\app\Views\menu\edit.php(81): CodeIgniter\Debug\Exceptions->errorHandler(8, 'Trying to get p...', 'C:\\xampp\\htdocs...', 81, Array)
#1 C:\xampp\htdocs\UkomKasir\system\View\View.php(214): include('C:\\xampp\\htdocs...')
#2 C:\xampp\htdocs\UkomKasir\system\View\View.php(217): CodeIgniter\View\View->CodeIgniter\View\{closure}()
#3 C:\xampp\htdocs\UkomKasir\system\Common.php(1097): CodeIgniter\View\View->render('menu/edit', Array, true)
#4 C:\xampp\htdocs\UkomKasir\app\Controllers\Menu.php(122): view('menu/edit', Array)
#5 C:\xampp\htdocs\UkomKasir\system\CodeIgniter.php(824): App\Controllers\Menu->edit('9')
#6 C:\xampp\htdocs\UkomKasir\system\CodeIgniter.php(410): CodeIgniter\CodeIgniter->runController(Object(App\Controllers\Menu))
#7 C:\xampp\htdocs\UkomKasir\system\CodeIgniter.php(318): CodeIgniter\CodeIgniter->handleRequest(NULL, Object(Config\Cache), false)
#8 C:\xampp\htdocs\UkomKasir\public\index.php(37): CodeIgniter\CodeIgniter->run()
#9 C:\xampp\htdocs\UkomKasir\system\Commands\Server\rewrite.php(43): require_once('C:\\xampp\\htdocs...')
#10 {main}
CRITICAL - 2022-03-08 03:31:21 --> Illegal string offset 'status_masakan'
#0 C:\xampp\htdocs\UkomKasir\app\Views\menu\edit.php(81): CodeIgniter\Debug\Exceptions->errorHandler(2, 'Illegal string ...', 'C:\\xampp\\htdocs...', 81, Array)
#1 C:\xampp\htdocs\UkomKasir\system\View\View.php(214): include('C:\\xampp\\htdocs...')
#2 C:\xampp\htdocs\UkomKasir\system\View\View.php(217): CodeIgniter\View\View->CodeIgniter\View\{closure}()
#3 C:\xampp\htdocs\UkomKasir\system\Common.php(1097): CodeIgniter\View\View->render('menu/edit', Array, true)
#4 C:\xampp\htdocs\UkomKasir\app\Controllers\Menu.php(122): view('menu/edit', Array)
#5 C:\xampp\htdocs\UkomKasir\system\CodeIgniter.php(824): App\Controllers\Menu->edit('9')
#6 C:\xampp\htdocs\UkomKasir\system\CodeIgniter.php(410): CodeIgniter\CodeIgniter->runController(Object(App\Controllers\Menu))
#7 C:\xampp\htdocs\UkomKasir\system\CodeIgniter.php(318): CodeIgniter\CodeIgniter->handleRequest(NULL, Object(Config\Cache), false)
#8 C:\xampp\htdocs\UkomKasir\public\index.php(37): CodeIgniter\CodeIgniter->run()
#9 C:\xampp\htdocs\UkomKasir\system\Commands\Server\rewrite.php(43): require_once('C:\\xampp\\htdocs...')
#10 {main}
CRITICAL - 2022-03-08 03:31:40 --> Illegal string offset 'status_masakan'
#0 C:\xampp\htdocs\UkomKasir\app\Views\menu\edit.php(82): CodeIgniter\Debug\Exceptions->errorHandler(2, 'Illegal string ...', 'C:\\xampp\\htdocs...', 82, Array)
#1 C:\xampp\htdocs\UkomKasir\system\View\View.php(214): include('C:\\xampp\\htdocs...')
#2 C:\xampp\htdocs\UkomKasir\system\View\View.php(217): CodeIgniter\View\View->CodeIgniter\View\{closure}()
#3 C:\xampp\htdocs\UkomKasir\system\Common.php(1097): CodeIgniter\View\View->render('menu/edit', Array, true)
#4 C:\xampp\htdocs\UkomKasir\app\Controllers\Menu.php(122): view('menu/edit', Array)
#5 C:\xampp\htdocs\UkomKasir\system\CodeIgniter.php(824): App\Controllers\Menu->edit('9')
#6 C:\xampp\htdocs\UkomKasir\system\CodeIgniter.php(410): CodeIgniter\CodeIgniter->runController(Object(App\Controllers\Menu))
#7 C:\xampp\htdocs\UkomKasir\system\CodeIgniter.php(318): CodeIgniter\CodeIgniter->handleRequest(NULL, Object(Config\Cache), false)
#8 C:\xampp\htdocs\UkomKasir\public\index.php(37): CodeIgniter\CodeIgniter->run()
#9 C:\xampp\htdocs\UkomKasir\system\Commands\Server\rewrite.php(43): require_once('C:\\xampp\\htdocs...')
#10 {main}
CRITICAL - 2022-03-08 03:33:36 --> Illegal string offset 'status_masakan'
#0 C:\xampp\htdocs\UkomKasir\app\Views\menu\edit.php(82): CodeIgniter\Debug\Exceptions->errorHandler(2, 'Illegal string ...', 'C:\\xampp\\htdocs...', 82, Array)
#1 C:\xampp\htdocs\UkomKasir\system\View\View.php(214): include('C:\\xampp\\htdocs...')
#2 C:\xampp\htdocs\UkomKasir\system\View\View.php(217): CodeIgniter\View\View->CodeIgniter\View\{closure}()
#3 C:\xampp\htdocs\UkomKasir\system\Common.php(1097): CodeIgniter\View\View->render('menu/edit', Array, true)
#4 C:\xampp\htdocs\UkomKasir\app\Controllers\Menu.php(122): view('menu/edit', Array)
#5 C:\xampp\htdocs\UkomKasir\system\CodeIgniter.php(824): App\Controllers\Menu->edit('9')
#6 C:\xampp\htdocs\UkomKasir\system\CodeIgniter.php(410): CodeIgniter\CodeIgniter->runController(Object(App\Controllers\Menu))
#7 C:\xampp\htdocs\UkomKasir\system\CodeIgniter.php(318): CodeIgniter\CodeIgniter->handleRequest(NULL, Object(Config\Cache), false)
#8 C:\xampp\htdocs\UkomKasir\public\index.php(37): CodeIgniter\CodeIgniter->run()
#9 C:\xampp\htdocs\UkomKasir\system\Commands\Server\rewrite.php(43): require_once('C:\\xampp\\htdocs...')
#10 {main}
CRITICAL - 2022-03-08 03:34:27 --> Call to a member function getResult() on array
#0 C:\xampp\htdocs\UkomKasir\system\CodeIgniter.php(824): App\Controllers\Menu->edit('9')
#1 C:\xampp\htdocs\UkomKasir\system\CodeIgniter.php(410): CodeIgniter\CodeIgniter->runController(Object(App\Controllers\Menu))
#2 C:\xampp\htdocs\UkomKasir\system\CodeIgniter.php(318): CodeIgniter\CodeIgniter->handleRequest(NULL, Object(Config\Cache), false)
#3 C:\xampp\htdocs\UkomKasir\public\index.php(37): CodeIgniter\CodeIgniter->run()
#4 C:\xampp\htdocs\UkomKasir\system\Commands\Server\rewrite.php(43): require_once('C:\\xampp\\htdocs...')
#5 {main}
CRITICAL - 2022-03-08 03:34:45 --> Call to a member function getResultArray() on array
#0 C:\xampp\htdocs\UkomKasir\system\CodeIgniter.php(824): App\Controllers\Menu->edit('9')
#1 C:\xampp\htdocs\UkomKasir\system\CodeIgniter.php(410): CodeIgniter\CodeIgniter->runController(Object(App\Controllers\Menu))
#2 C:\xampp\htdocs\UkomKasir\system\CodeIgniter.php(318): CodeIgniter\CodeIgniter->handleRequest(NULL, Object(Config\Cache), false)
#3 C:\xampp\htdocs\UkomKasir\public\index.php(37): CodeIgniter\CodeIgniter->run()
#4 C:\xampp\htdocs\UkomKasir\system\Commands\Server\rewrite.php(43): require_once('C:\\xampp\\htdocs...')
#5 {main}
CRITICAL - 2022-03-08 03:37:25 --> Illegal string offset 'status_masakan'
#0 C:\xampp\htdocs\UkomKasir\app\Views\menu\edit.php(82): CodeIgniter\Debug\Exceptions->errorHandler(2, 'Illegal string ...', 'C:\\xampp\\htdocs...', 82, Array)
#1 C:\xampp\htdocs\UkomKasir\system\View\View.php(214): include('C:\\xampp\\htdocs...')
#2 C:\xampp\htdocs\UkomKasir\system\View\View.php(217): CodeIgniter\View\View->CodeIgniter\View\{closure}()
#3 C:\xampp\htdocs\UkomKasir\system\Common.php(1097): CodeIgniter\View\View->render('menu/edit', Array, true)
#4 C:\xampp\htdocs\UkomKasir\app\Controllers\Menu.php(122): view('menu/edit', Array)
#5 C:\xampp\htdocs\UkomKasir\system\CodeIgniter.php(824): App\Controllers\Menu->edit('9')
#6 C:\xampp\htdocs\UkomKasir\system\CodeIgniter.php(410): CodeIgniter\CodeIgniter->runController(Object(App\Controllers\Menu))
#7 C:\xampp\htdocs\UkomKasir\system\CodeIgniter.php(318): CodeIgniter\CodeIgniter->handleRequest(NULL, Object(Config\Cache), false)
#8 C:\xampp\htdocs\UkomKasir\public\index.php(37): CodeIgniter\CodeIgniter->run()
#9 C:\xampp\htdocs\UkomKasir\system\Commands\Server\rewrite.php(43): require_once('C:\\xampp\\htdocs...')
#10 {main}
CRITICAL - 2022-03-08 03:39:26 --> Illegal string offset 'status_masakan'
#0 C:\xampp\htdocs\UkomKasir\app\Views\menu\edit.php(82): CodeIgniter\Debug\Exceptions->errorHandler(2, 'Illegal string ...', 'C:\\xampp\\htdocs...', 82, Array)
#1 C:\xampp\htdocs\UkomKasir\system\View\View.php(214): include('C:\\xampp\\htdocs...')
#2 C:\xampp\htdocs\UkomKasir\system\View\View.php(217): CodeIgniter\View\View->CodeIgniter\View\{closure}()
#3 C:\xampp\htdocs\UkomKasir\system\Common.php(1097): CodeIgniter\View\View->render('menu/edit', Array, true)
#4 C:\xampp\htdocs\UkomKasir\app\Controllers\Menu.php(122): view('menu/edit', Array)
#5 C:\xampp\htdocs\UkomKasir\system\CodeIgniter.php(824): App\Controllers\Menu->edit('9')
#6 C:\xampp\htdocs\UkomKasir\system\CodeIgniter.php(410): CodeIgniter\CodeIgniter->runController(Object(App\Controllers\Menu))
#7 C:\xampp\htdocs\UkomKasir\system\CodeIgniter.php(318): CodeIgniter\CodeIgniter->handleRequest(NULL, Object(Config\Cache), false)
#8 C:\xampp\htdocs\UkomKasir\public\index.php(37): CodeIgniter\CodeIgniter->run()
#9 C:\xampp\htdocs\UkomKasir\system\Commands\Server\rewrite.php(43): require_once('C:\\xampp\\htdocs...')
#10 {main}
CRITICAL - 2022-03-08 03:39:37 --> Undefined variable: row
#0 C:\xampp\htdocs\UkomKasir\app\Views\menu\edit.php(82): CodeIgniter\Debug\Exceptions->errorHandler(8, 'Undefined varia...', 'C:\\xampp\\htdocs...', 82, Array)
#1 C:\xampp\htdocs\UkomKasir\system\View\View.php(214): include('C:\\xampp\\htdocs...')
#2 C:\xampp\htdocs\UkomKasir\system\View\View.php(217): CodeIgniter\View\View->CodeIgniter\View\{closure}()
#3 C:\xampp\htdocs\UkomKasir\system\Common.php(1097): CodeIgniter\View\View->render('menu/edit', Array, true)
#4 C:\xampp\htdocs\UkomKasir\app\Controllers\Menu.php(122): view('menu/edit', Array)
#5 C:\xampp\htdocs\UkomKasir\system\CodeIgniter.php(824): App\Controllers\Menu->edit('9')
#6 C:\xampp\htdocs\UkomKasir\system\CodeIgniter.php(410): CodeIgniter\CodeIgniter->runController(Object(App\Controllers\Menu))
#7 C:\xampp\htdocs\UkomKasir\system\CodeIgniter.php(318): CodeIgniter\CodeIgniter->handleRequest(NULL, Object(Config\Cache), false)
#8 C:\xampp\htdocs\UkomKasir\public\index.php(37): CodeIgniter\CodeIgniter->run()
#9 C:\xampp\htdocs\UkomKasir\system\Commands\Server\rewrite.php(43): require_once('C:\\xampp\\htdocs...')
#10 {main}
CRITICAL - 2022-03-08 03:39:55 --> Undefined index: status_masakan
#0 C:\xampp\htdocs\UkomKasir\app\Views\menu\edit.php(82): CodeIgniter\Debug\Exceptions->errorHandler(8, 'Undefined index...', 'C:\\xampp\\htdocs...', 82, Array)
#1 C:\xampp\htdocs\UkomKasir\system\View\View.php(214): include('C:\\xampp\\htdocs...')
#2 C:\xampp\htdocs\UkomKasir\system\View\View.php(217): CodeIgniter\View\View->CodeIgniter\View\{closure}()
#3 C:\xampp\htdocs\UkomKasir\system\Common.php(1097): CodeIgniter\View\View->render('menu/edit', Array, true)
#4 C:\xampp\htdocs\UkomKasir\app\Controllers\Menu.php(122): view('menu/edit', Array)
#5 C:\xampp\htdocs\UkomKasir\system\CodeIgniter.php(824): App\Controllers\Menu->edit('9')
#6 C:\xampp\htdocs\UkomKasir\system\CodeIgniter.php(410): CodeIgniter\CodeIgniter->runController(Object(App\Controllers\Menu))
#7 C:\xampp\htdocs\UkomKasir\system\CodeIgniter.php(318): CodeIgniter\CodeIgniter->handleRequest(NULL, Object(Config\Cache), false)
#8 C:\xampp\htdocs\UkomKasir\public\index.php(37): CodeIgniter\CodeIgniter->run()
#9 C:\xampp\htdocs\UkomKasir\system\Commands\Server\rewrite.php(43): require_once('C:\\xampp\\htdocs...')
#10 {main}
CRITICAL - 2022-03-08 03:49:31 --> Call to undefined function r()
#0 C:\xampp\htdocs\UkomKasir\system\View\View.php(214): include()
#1 C:\xampp\htdocs\UkomKasir\system\View\View.php(217): CodeIgniter\View\View->CodeIgniter\View\{closure}()
#2 C:\xampp\htdocs\UkomKasir\system\Common.php(1097): CodeIgniter\View\View->render('menu/edit', Array, true)
#3 C:\xampp\htdocs\UkomKasir\app\Controllers\Menu.php(122): view('menu/edit', Array)
#4 C:\xampp\htdocs\UkomKasir\system\CodeIgniter.php(824): App\Controllers\Menu->edit('2')
#5 C:\xampp\htdocs\UkomKasir\system\CodeIgniter.php(410): CodeIgniter\CodeIgniter->runController(Object(App\Controllers\Menu))
#6 C:\xampp\htdocs\UkomKasir\system\CodeIgniter.php(318): CodeIgniter\CodeIgniter->handleRequest(NULL, Object(Config\Cache), false)
#7 C:\xampp\htdocs\UkomKasir\public\index.php(37): CodeIgniter\CodeIgniter->run()
#8 C:\xampp\htdocs\UkomKasir\system\Commands\Server\rewrite.php(43): require_once('C:\\xampp\\htdocs...')
#9 {main}
CRITICAL - 2022-03-08 04:12:57 --> requiredis_unique is not a valid rule.
#0 C:\xampp\htdocs\UkomKasir\system\Validation\Validation.php(285): CodeIgniter\Validation\Exceptions\ValidationException::forRuleNotFound('requiredis_uniq...')
#1 C:\xampp\htdocs\UkomKasir\system\Validation\Validation.php(151): CodeIgniter\Validation\Validation->processRules('nama_menu', 'nama_menu', 'Sate Madura', Array, Array)
#2 C:\xampp\htdocs\UkomKasir\system\Controller.php(160): CodeIgniter\Validation\Validation->run()
#3 C:\xampp\htdocs\UkomKasir\app\Controllers\Menu.php(140): CodeIgniter\Controller->validate(Array)
#4 C:\xampp\htdocs\UkomKasir\system\CodeIgniter.php(824): App\Controllers\Menu->update()
#5 C:\xampp\htdocs\UkomKasir\system\CodeIgniter.php(410): CodeIgniter\CodeIgniter->runController(Object(App\Controllers\Menu))
#6 C:\xampp\htdocs\UkomKasir\system\CodeIgniter.php(318): CodeIgniter\CodeIgniter->handleRequest(NULL, Object(Config\Cache), false)
#7 C:\xampp\htdocs\UkomKasir\public\index.php(37): CodeIgniter\CodeIgniter->run()
#8 C:\xampp\htdocs\UkomKasir\system\Commands\Server\rewrite.php(43): require_once('C:\\xampp\\htdocs...')
#9 {main}
