ERROR - 2022-03-06 01:29:37 --> Cannot add or update a child row: a foreign key constraint fails (`krakatoa`.`user`, CONSTRAINT `user_ibfk_1` FOREIGN KEY (`id_level`) REFERENCES `level` (`id_level`) ON DELETE CASCADE ON UPDATE CASCADE)
CRITICAL - 2022-03-06 01:29:37 --> Cannot add or update a child row: a foreign key constraint fails (`krakatoa`.`user`, CONSTRAINT `user_ibfk_1` FOREIGN KEY (`id_level`) REFERENCES `level` (`id_level`) ON DELETE CASCADE ON UPDATE CASCADE)
#0 C:\xampp2\htdocs\UkomKasir\system\Database\MySQLi\Connection.php(292): mysqli->query('INSERT INTO `us...', 0)
#1 C:\xampp2\htdocs\UkomKasir\system\Database\BaseConnection.php(670): CodeIgniter\Database\MySQLi\Connection->execute('INSERT INTO `us...')
#2 C:\xampp2\htdocs\UkomKasir\system\Database\BaseConnection.php(598): CodeIgniter\Database\BaseConnection->simpleQuery('INSERT INTO `us...')
#3 C:\xampp2\htdocs\UkomKasir\system\Database\BaseBuilder.php(1759): CodeIgniter\Database\BaseConnection->query('INSERT INTO `us...', Array, false)
#4 C:\xampp2\htdocs\UkomKasir\system\Model.php(239): CodeIgniter\Database\BaseBuilder->insert()
#5 C:\xampp2\htdocs\UkomKasir\system\BaseModel.php(738): CodeIgniter\Model->doInsert(Array)
#6 C:\xampp2\htdocs\UkomKasir\system\Model.php(620): CodeIgniter\BaseModel->insert(Array, true)
#7 C:\xampp2\htdocs\UkomKasir\app\Controllers\User.php(91): CodeIgniter\Model->insert(Array)
#8 C:\xampp2\htdocs\UkomKasir\system\CodeIgniter.php(824): App\Controllers\User->create()
#9 C:\xampp2\htdocs\UkomKasir\system\CodeIgniter.php(410): CodeIgniter\CodeIgniter->runController(Object(App\Controllers\User))
#10 C:\xampp2\htdocs\UkomKasir\system\CodeIgniter.php(318): CodeIgniter\CodeIgniter->handleRequest(NULL, Object(Config\Cache), false)
#11 C:\xampp2\htdocs\UkomKasir\public\index.php(37): CodeIgniter\CodeIgniter->run()
#12 C:\xampp2\htdocs\UkomKasir\system\Commands\Server\rewrite.php(43): require_once('C:\\xampp2\\htdoc...')
#13 {main}
CRITICAL - 2022-03-06 02:08:57 --> Too few arguments to function CodeIgniter\HTTP\IncomingRequest::getFile(), 0 passed in C:\xampp2\htdocs\UkomKasir\app\Controllers\Menu.php on line 79 and exactly 1 expected
#0 C:\xampp2\htdocs\UkomKasir\app\Controllers\Menu.php(79): CodeIgniter\HTTP\IncomingRequest->getFile()
#1 C:\xampp2\htdocs\UkomKasir\system\CodeIgniter.php(824): App\Controllers\Menu->create()
#2 C:\xampp2\htdocs\UkomKasir\system\CodeIgniter.php(410): CodeIgniter\CodeIgniter->runController(Object(App\Controllers\Menu))
#3 C:\xampp2\htdocs\UkomKasir\system\CodeIgniter.php(318): CodeIgniter\CodeIgniter->handleRequest(NULL, Object(Config\Cache), false)
#4 C:\xampp2\htdocs\UkomKasir\public\index.php(37): CodeIgniter\CodeIgniter->run()
#5 C:\xampp2\htdocs\UkomKasir\system\Commands\Server\rewrite.php(43): require_once('C:\\xampp2\\htdoc...')
#6 {main}
