CRITICAL - 2022-03-20 03:01:34 --> Undefined property: stdClass::$keterangan
#0 C:\xampp\htdocs\UkomKasir\app\Views\order\index.php(54): CodeIgniter\Debug\Exceptions->errorHandler(8, 'Undefined prope...', 'C:\\xampp\\htdocs...', 54, Array)
#1 C:\xampp\htdocs\UkomKasir\system\View\View.php(214): include('C:\\xampp\\htdocs...')
#2 C:\xampp\htdocs\UkomKasir\system\View\View.php(217): CodeIgniter\View\View->CodeIgniter\View\{closure}()
#3 C:\xampp\htdocs\UkomKasir\system\Common.php(1097): CodeIgniter\View\View->render('order/index', Array, true)
#4 C:\xampp\htdocs\UkomKasir\app\Controllers\Order.php(33): view('order/index', Array)
#5 C:\xampp\htdocs\UkomKasir\system\CodeIgniter.php(824): App\Controllers\Order->index()
#6 C:\xampp\htdocs\UkomKasir\system\CodeIgniter.php(410): CodeIgniter\CodeIgniter->runController(Object(App\Controllers\Order))
#7 C:\xampp\htdocs\UkomKasir\system\CodeIgniter.php(318): CodeIgniter\CodeIgniter->handleRequest(NULL, Object(Config\Cache), false)
#8 C:\xampp\htdocs\UkomKasir\public\index.php(37): CodeIgniter\CodeIgniter->run()
#9 C:\xampp\htdocs\UkomKasir\system\Commands\Server\rewrite.php(43): require_once('C:\\xampp\\htdocs...')
#10 {main}
CRITICAL - 2022-03-20 03:06:56 --> There is no data to insert.
#0 C:\xampp\htdocs\UkomKasir\system\BaseModel.php(718): CodeIgniter\Database\Exceptions\DataException::forEmptyDataset('insert')
#1 C:\xampp\htdocs\UkomKasir\system\Model.php(620): CodeIgniter\BaseModel->insert(Array, true)
#2 C:\xampp\htdocs\UkomKasir\app\Controllers\Order.php(94): CodeIgniter\Model->insert(Array)
#3 C:\xampp\htdocs\UkomKasir\system\CodeIgniter.php(824): App\Controllers\Order->create()
#4 C:\xampp\htdocs\UkomKasir\system\CodeIgniter.php(410): CodeIgniter\CodeIgniter->runController(Object(App\Controllers\Order))
#5 C:\xampp\htdocs\UkomKasir\system\CodeIgniter.php(318): CodeIgniter\CodeIgniter->handleRequest(NULL, Object(Config\Cache), false)
#6 C:\xampp\htdocs\UkomKasir\public\index.php(37): CodeIgniter\CodeIgniter->run()
#7 C:\xampp\htdocs\UkomKasir\system\Commands\Server\rewrite.php(43): require_once('C:\\xampp\\htdocs...')
#8 {main}
CRITICAL - 2022-03-20 03:08:33 --> There is no data to insert.
#0 C:\xampp\htdocs\UkomKasir\system\BaseModel.php(718): CodeIgniter\Database\Exceptions\DataException::forEmptyDataset('insert')
#1 C:\xampp\htdocs\UkomKasir\system\Model.php(620): CodeIgniter\BaseModel->insert(Array, true)
#2 C:\xampp\htdocs\UkomKasir\app\Controllers\Order.php(94): CodeIgniter\Model->insert(Array)
#3 C:\xampp\htdocs\UkomKasir\system\CodeIgniter.php(824): App\Controllers\Order->create()
#4 C:\xampp\htdocs\UkomKasir\system\CodeIgniter.php(410): CodeIgniter\CodeIgniter->runController(Object(App\Controllers\Order))
#5 C:\xampp\htdocs\UkomKasir\system\CodeIgniter.php(318): CodeIgniter\CodeIgniter->handleRequest(NULL, Object(Config\Cache), false)
#6 C:\xampp\htdocs\UkomKasir\public\index.php(37): CodeIgniter\CodeIgniter->run()
#7 C:\xampp\htdocs\UkomKasir\system\Commands\Server\rewrite.php(43): require_once('C:\\xampp\\htdocs...')
#8 {main}
CRITICAL - 2022-03-20 03:10:06 --> There is no data to insert.
#0 C:\xampp\htdocs\UkomKasir\system\BaseModel.php(718): CodeIgniter\Database\Exceptions\DataException::forEmptyDataset('insert')
#1 C:\xampp\htdocs\UkomKasir\system\Model.php(620): CodeIgniter\BaseModel->insert(Array, true)
#2 C:\xampp\htdocs\UkomKasir\app\Controllers\Order.php(94): CodeIgniter\Model->insert(Array)
#3 C:\xampp\htdocs\UkomKasir\system\CodeIgniter.php(824): App\Controllers\Order->create()
#4 C:\xampp\htdocs\UkomKasir\system\CodeIgniter.php(410): CodeIgniter\CodeIgniter->runController(Object(App\Controllers\Order))
#5 C:\xampp\htdocs\UkomKasir\system\CodeIgniter.php(318): CodeIgniter\CodeIgniter->handleRequest(NULL, Object(Config\Cache), false)
#6 C:\xampp\htdocs\UkomKasir\public\index.php(37): CodeIgniter\CodeIgniter->run()
#7 C:\xampp\htdocs\UkomKasir\system\Commands\Server\rewrite.php(43): require_once('C:\\xampp\\htdocs...')
#8 {main}
ERROR - 2022-03-20 03:10:44 --> Unknown column 'updated_at' in 'field list'
CRITICAL - 2022-03-20 03:10:44 --> Unknown column 'updated_at' in 'field list'
#0 C:\xampp\htdocs\UkomKasir\system\Database\MySQLi\Connection.php(292): mysqli->query('INSERT INTO `tb...', 0)
#1 C:\xampp\htdocs\UkomKasir\system\Database\BaseConnection.php(670): CodeIgniter\Database\MySQLi\Connection->execute('INSERT INTO `tb...')
#2 C:\xampp\htdocs\UkomKasir\system\Database\BaseConnection.php(598): CodeIgniter\Database\BaseConnection->simpleQuery('INSERT INTO `tb...')
#3 C:\xampp\htdocs\UkomKasir\system\Database\BaseBuilder.php(1759): CodeIgniter\Database\BaseConnection->query('INSERT INTO `tb...', Array, false)
#4 C:\xampp\htdocs\UkomKasir\system\Model.php(239): CodeIgniter\Database\BaseBuilder->insert()
#5 C:\xampp\htdocs\UkomKasir\system\BaseModel.php(738): CodeIgniter\Model->doInsert(Array)
#6 C:\xampp\htdocs\UkomKasir\system\Model.php(620): CodeIgniter\BaseModel->insert(Array, true)
#7 C:\xampp\htdocs\UkomKasir\app\Controllers\Order.php(92): CodeIgniter\Model->insert(Array)
#8 C:\xampp\htdocs\UkomKasir\system\CodeIgniter.php(824): App\Controllers\Order->create()
#9 C:\xampp\htdocs\UkomKasir\system\CodeIgniter.php(410): CodeIgniter\CodeIgniter->runController(Object(App\Controllers\Order))
#10 C:\xampp\htdocs\UkomKasir\system\CodeIgniter.php(318): CodeIgniter\CodeIgniter->handleRequest(NULL, Object(Config\Cache), false)
#11 C:\xampp\htdocs\UkomKasir\public\index.php(37): CodeIgniter\CodeIgniter->run()
#12 C:\xampp\htdocs\UkomKasir\system\Commands\Server\rewrite.php(43): require_once('C:\\xampp\\htdocs...')
#13 {main}
ERROR - 2022-03-20 03:11:57 --> Unknown column 'updated_at' in 'field list'
CRITICAL - 2022-03-20 03:11:57 --> Unknown column 'updated_at' in 'field list'
#0 C:\xampp\htdocs\UkomKasir\system\Database\MySQLi\Connection.php(292): mysqli->query('INSERT INTO `tb...', 0)
#1 C:\xampp\htdocs\UkomKasir\system\Database\BaseConnection.php(670): CodeIgniter\Database\MySQLi\Connection->execute('INSERT INTO `tb...')
#2 C:\xampp\htdocs\UkomKasir\system\Database\BaseConnection.php(598): CodeIgniter\Database\BaseConnection->simpleQuery('INSERT INTO `tb...')
#3 C:\xampp\htdocs\UkomKasir\system\Database\BaseBuilder.php(1759): CodeIgniter\Database\BaseConnection->query('INSERT INTO `tb...', Array, false)
#4 C:\xampp\htdocs\UkomKasir\system\Model.php(239): CodeIgniter\Database\BaseBuilder->insert()
#5 C:\xampp\htdocs\UkomKasir\system\BaseModel.php(738): CodeIgniter\Model->doInsert(Array)
#6 C:\xampp\htdocs\UkomKasir\system\Model.php(620): CodeIgniter\BaseModel->insert(Array, true)
#7 C:\xampp\htdocs\UkomKasir\app\Controllers\Order.php(92): CodeIgniter\Model->insert(Array)
#8 C:\xampp\htdocs\UkomKasir\system\CodeIgniter.php(824): App\Controllers\Order->create()
#9 C:\xampp\htdocs\UkomKasir\system\CodeIgniter.php(410): CodeIgniter\CodeIgniter->runController(Object(App\Controllers\Order))
#10 C:\xampp\htdocs\UkomKasir\system\CodeIgniter.php(318): CodeIgniter\CodeIgniter->handleRequest(NULL, Object(Config\Cache), false)
#11 C:\xampp\htdocs\UkomKasir\public\index.php(37): CodeIgniter\CodeIgniter->run()
#12 C:\xampp\htdocs\UkomKasir\system\Commands\Server\rewrite.php(43): require_once('C:\\xampp\\htdocs...')
#13 {main}
ERROR - 2022-03-20 03:12:11 --> Unknown column 'updated_at' in 'field list'
CRITICAL - 2022-03-20 03:12:11 --> Unknown column 'updated_at' in 'field list'
#0 C:\xampp\htdocs\UkomKasir\system\Database\MySQLi\Connection.php(292): mysqli->query('INSERT INTO `tb...', 0)
#1 C:\xampp\htdocs\UkomKasir\system\Database\BaseConnection.php(670): CodeIgniter\Database\MySQLi\Connection->execute('INSERT INTO `tb...')
#2 C:\xampp\htdocs\UkomKasir\system\Database\BaseConnection.php(598): CodeIgniter\Database\BaseConnection->simpleQuery('INSERT INTO `tb...')
#3 C:\xampp\htdocs\UkomKasir\system\Database\BaseBuilder.php(1759): CodeIgniter\Database\BaseConnection->query('INSERT INTO `tb...', Array, false)
#4 C:\xampp\htdocs\UkomKasir\system\Model.php(239): CodeIgniter\Database\BaseBuilder->insert()
#5 C:\xampp\htdocs\UkomKasir\system\BaseModel.php(738): CodeIgniter\Model->doInsert(Array)
#6 C:\xampp\htdocs\UkomKasir\system\Model.php(620): CodeIgniter\BaseModel->insert(Array, true)
#7 C:\xampp\htdocs\UkomKasir\app\Controllers\Order.php(92): CodeIgniter\Model->insert(Array)
#8 C:\xampp\htdocs\UkomKasir\system\CodeIgniter.php(824): App\Controllers\Order->create()
#9 C:\xampp\htdocs\UkomKasir\system\CodeIgniter.php(410): CodeIgniter\CodeIgniter->runController(Object(App\Controllers\Order))
#10 C:\xampp\htdocs\UkomKasir\system\CodeIgniter.php(318): CodeIgniter\CodeIgniter->handleRequest(NULL, Object(Config\Cache), false)
#11 C:\xampp\htdocs\UkomKasir\public\index.php(37): CodeIgniter\CodeIgniter->run()
#12 C:\xampp\htdocs\UkomKasir\system\Commands\Server\rewrite.php(43): require_once('C:\\xampp\\htdocs...')
#13 {main}
ERROR - 2022-03-20 03:13:48 --> Unknown column 'updated_at' in 'field list'
CRITICAL - 2022-03-20 03:13:48 --> Unknown column 'updated_at' in 'field list'
#0 C:\xampp\htdocs\UkomKasir\system\Database\MySQLi\Connection.php(292): mysqli->query('INSERT INTO `tb...', 0)
#1 C:\xampp\htdocs\UkomKasir\system\Database\BaseConnection.php(670): CodeIgniter\Database\MySQLi\Connection->execute('INSERT INTO `tb...')
#2 C:\xampp\htdocs\UkomKasir\system\Database\BaseConnection.php(598): CodeIgniter\Database\BaseConnection->simpleQuery('INSERT INTO `tb...')
#3 C:\xampp\htdocs\UkomKasir\system\Database\BaseBuilder.php(1759): CodeIgniter\Database\BaseConnection->query('INSERT INTO `tb...', Array, false)
#4 C:\xampp\htdocs\UkomKasir\system\Model.php(239): CodeIgniter\Database\BaseBuilder->insert()
#5 C:\xampp\htdocs\UkomKasir\system\BaseModel.php(738): CodeIgniter\Model->doInsert(Array)
#6 C:\xampp\htdocs\UkomKasir\system\Model.php(620): CodeIgniter\BaseModel->insert(Array, true)
#7 C:\xampp\htdocs\UkomKasir\app\Controllers\Order.php(92): CodeIgniter\Model->insert(Array)
#8 C:\xampp\htdocs\UkomKasir\system\CodeIgniter.php(824): App\Controllers\Order->create()
#9 C:\xampp\htdocs\UkomKasir\system\CodeIgniter.php(410): CodeIgniter\CodeIgniter->runController(Object(App\Controllers\Order))
#10 C:\xampp\htdocs\UkomKasir\system\CodeIgniter.php(318): CodeIgniter\CodeIgniter->handleRequest(NULL, Object(Config\Cache), false)
#11 C:\xampp\htdocs\UkomKasir\public\index.php(37): CodeIgniter\CodeIgniter->run()
#12 C:\xampp\htdocs\UkomKasir\system\Commands\Server\rewrite.php(43): require_once('C:\\xampp\\htdocs...')
#13 {main}
ERROR - 2022-03-20 03:15:40 --> Column 'id_user' cannot be null
CRITICAL - 2022-03-20 03:15:40 --> Column 'id_user' cannot be null
#0 C:\xampp\htdocs\UkomKasir\system\Database\MySQLi\Connection.php(292): mysqli->query('INSERT INTO `tb...', 0)
#1 C:\xampp\htdocs\UkomKasir\system\Database\BaseConnection.php(670): CodeIgniter\Database\MySQLi\Connection->execute('INSERT INTO `tb...')
#2 C:\xampp\htdocs\UkomKasir\system\Database\BaseConnection.php(598): CodeIgniter\Database\BaseConnection->simpleQuery('INSERT INTO `tb...')
#3 C:\xampp\htdocs\UkomKasir\system\Database\BaseBuilder.php(1759): CodeIgniter\Database\BaseConnection->query('INSERT INTO `tb...', Array, false)
#4 C:\xampp\htdocs\UkomKasir\system\Model.php(239): CodeIgniter\Database\BaseBuilder->insert()
#5 C:\xampp\htdocs\UkomKasir\system\BaseModel.php(738): CodeIgniter\Model->doInsert(Array)
#6 C:\xampp\htdocs\UkomKasir\system\Model.php(620): CodeIgniter\BaseModel->insert(Array, true)
#7 C:\xampp\htdocs\UkomKasir\app\Controllers\Order.php(92): CodeIgniter\Model->insert(Array)
#8 C:\xampp\htdocs\UkomKasir\system\CodeIgniter.php(824): App\Controllers\Order->create()
#9 C:\xampp\htdocs\UkomKasir\system\CodeIgniter.php(410): CodeIgniter\CodeIgniter->runController(Object(App\Controllers\Order))
#10 C:\xampp\htdocs\UkomKasir\system\CodeIgniter.php(318): CodeIgniter\CodeIgniter->handleRequest(NULL, Object(Config\Cache), false)
#11 C:\xampp\htdocs\UkomKasir\public\index.php(37): CodeIgniter\CodeIgniter->run()
#12 C:\xampp\htdocs\UkomKasir\system\Commands\Server\rewrite.php(43): require_once('C:\\xampp\\htdocs...')
#13 {main}
ERROR - 2022-03-20 03:15:45 --> Column 'id_user' cannot be null
CRITICAL - 2022-03-20 03:15:45 --> Column 'id_user' cannot be null
#0 C:\xampp\htdocs\UkomKasir\system\Database\MySQLi\Connection.php(292): mysqli->query('INSERT INTO `tb...', 0)
#1 C:\xampp\htdocs\UkomKasir\system\Database\BaseConnection.php(670): CodeIgniter\Database\MySQLi\Connection->execute('INSERT INTO `tb...')
#2 C:\xampp\htdocs\UkomKasir\system\Database\BaseConnection.php(598): CodeIgniter\Database\BaseConnection->simpleQuery('INSERT INTO `tb...')
#3 C:\xampp\htdocs\UkomKasir\system\Database\BaseBuilder.php(1759): CodeIgniter\Database\BaseConnection->query('INSERT INTO `tb...', Array, false)
#4 C:\xampp\htdocs\UkomKasir\system\Model.php(239): CodeIgniter\Database\BaseBuilder->insert()
#5 C:\xampp\htdocs\UkomKasir\system\BaseModel.php(738): CodeIgniter\Model->doInsert(Array)
#6 C:\xampp\htdocs\UkomKasir\system\Model.php(620): CodeIgniter\BaseModel->insert(Array, true)
#7 C:\xampp\htdocs\UkomKasir\app\Controllers\Order.php(92): CodeIgniter\Model->insert(Array)
#8 C:\xampp\htdocs\UkomKasir\system\CodeIgniter.php(824): App\Controllers\Order->create()
#9 C:\xampp\htdocs\UkomKasir\system\CodeIgniter.php(410): CodeIgniter\CodeIgniter->runController(Object(App\Controllers\Order))
#10 C:\xampp\htdocs\UkomKasir\system\CodeIgniter.php(318): CodeIgniter\CodeIgniter->handleRequest(NULL, Object(Config\Cache), false)
#11 C:\xampp\htdocs\UkomKasir\public\index.php(37): CodeIgniter\CodeIgniter->run()
#12 C:\xampp\htdocs\UkomKasir\system\Commands\Server\rewrite.php(43): require_once('C:\\xampp\\htdocs...')
#13 {main}
CRITICAL - 2022-03-20 04:04:08 --> Undefined property: stdClass::$keterangan
#0 C:\xampp\htdocs\UkomKasir\app\Views\order\index.php(81): CodeIgniter\Debug\Exceptions->errorHandler(8, 'Undefined prope...', 'C:\\xampp\\htdocs...', 81, Array)
#1 C:\xampp\htdocs\UkomKasir\system\View\View.php(214): include('C:\\xampp\\htdocs...')
#2 C:\xampp\htdocs\UkomKasir\system\View\View.php(217): CodeIgniter\View\View->CodeIgniter\View\{closure}()
#3 C:\xampp\htdocs\UkomKasir\system\Common.php(1097): CodeIgniter\View\View->render('order/index', Array, true)
#4 C:\xampp\htdocs\UkomKasir\app\Controllers\Order.php(33): view('order/index', Array)
#5 C:\xampp\htdocs\UkomKasir\system\CodeIgniter.php(824): App\Controllers\Order->index()
#6 C:\xampp\htdocs\UkomKasir\system\CodeIgniter.php(410): CodeIgniter\CodeIgniter->runController(Object(App\Controllers\Order))
#7 C:\xampp\htdocs\UkomKasir\system\CodeIgniter.php(318): CodeIgniter\CodeIgniter->handleRequest(NULL, Object(Config\Cache), false)
#8 C:\xampp\htdocs\UkomKasir\public\index.php(37): CodeIgniter\CodeIgniter->run()
#9 C:\xampp\htdocs\UkomKasir\system\Commands\Server\rewrite.php(43): require_once('C:\\xampp\\htdocs...')
#10 {main}
CRITICAL - 2022-03-20 23:03:03 --> Trying to get property 'nama_level' of non-object
#0 C:\xampp\htdocs\UkomKasir\app\Views\layout\default.php(52): CodeIgniter\Debug\Exceptions->errorHandler(8, 'Trying to get p...', 'C:\\xampp\\htdocs...', 52, Array)
#1 C:\xampp\htdocs\UkomKasir\system\View\View.php(214): include('C:\\xampp\\htdocs...')
#2 C:\xampp\htdocs\UkomKasir\system\View\View.php(217): CodeIgniter\View\View->CodeIgniter\View\{closure}()
#3 C:\xampp\htdocs\UkomKasir\system\View\View.php(230): CodeIgniter\View\View->render('layout/default', Array, true)
#4 C:\xampp\htdocs\UkomKasir\system\Common.php(1097): CodeIgniter\View\View->render('order/index', Array, true)
#5 C:\xampp\htdocs\UkomKasir\app\Controllers\Order.php(33): view('order/index', Array)
#6 C:\xampp\htdocs\UkomKasir\system\CodeIgniter.php(824): App\Controllers\Order->index()
#7 C:\xampp\htdocs\UkomKasir\system\CodeIgniter.php(410): CodeIgniter\CodeIgniter->runController(Object(App\Controllers\Order))
#8 C:\xampp\htdocs\UkomKasir\system\CodeIgniter.php(318): CodeIgniter\CodeIgniter->handleRequest(NULL, Object(Config\Cache), false)
#9 C:\xampp\htdocs\UkomKasir\public\index.php(37): CodeIgniter\CodeIgniter->run()
#10 C:\xampp\htdocs\UkomKasir\system\Commands\Server\rewrite.php(43): require_once('C:\\xampp\\htdocs...')
#11 {main}
